18:45:38: Creating resource group General
18:45:38: Creating resource group Internal
18:45:38: Creating resource group Autodetect
18:45:38: SceneManagerFactory for type 'DefaultSceneManager' registered.
18:45:38: Registering ResourceManager for type Material
18:45:38: Registering ResourceManager for type Mesh
18:45:38: Registering ResourceManager for type Mesh2
18:45:38: Registering ResourceManager for type OldSkeleton
18:45:38: MovableObjectFactory for type 'ParticleSystem' registered.
18:45:38: ArchiveFactory for archive type FileSystem registered.
18:45:38: ArchiveFactory for archive type Zip registered.
18:45:38: ArchiveFactory for archive type EmbeddedZip registered.
18:45:38: DDS codec registering
18:45:38: FreeImage version: 3.18.0
18:45:38: This program uses FreeImage, a free, open source image library supporting all common bitmap formats. See http://freeimage.sourceforge.net for details
18:45:38: Supported formats: bmp,ico,jpg,jif,jpeg,jpe,jng,koa,iff,lbm,mng,pbm,pbm,pcd,pcx,pgm,pgm,png,ppm,ppm,ras,tga,targa,tif,tiff,wap,wbmp,wbm,psd,psb,cut,xbm,xpm,gif,hdr,g3,sgi,rgb,rgba,bw,exr,j2k,j2c,jp2,pfm,pct,pict,pic,3fr,arw,bay,bmq,cap,cine,cr2,crw,cs1,dc2,dcr,drf,dsc,dng,erf,fff,ia,iiq,k25,kc2,kdc,mdc,mef,mos,mrw,nef,nrw,orf,pef,ptx,pxn,qtk,raf,raw,rdc,rw2,rwl,rwz,sr2,srf,srw,sti,x3f,webp,jxr,wdp,hdp
18:45:38: ETC codec registering
18:45:38: OITD codec registering
18:45:38: Registering ResourceManager for type HighLevelGpuProgram
18:45:38: MovableObjectFactory for type 'Decal' registered.
18:45:38: MovableObjectFactory for type 'InternalCubemapProbe' registered.
18:45:38: MovableObjectFactory for type 'Entity' registered.
18:45:38: MovableObjectFactory for type 'Item' registered.
18:45:38: MovableObjectFactory for type 'Light' registered.
18:45:38: MovableObjectFactory for type 'Rectangle2Dv2' registered.
18:45:38: MovableObjectFactory for type 'BillboardSet' registered.
18:45:38: MovableObjectFactory for type 'ManualObject2' registered.
18:45:38: MovableObjectFactory for type 'BillboardChain' registered.
18:45:38: MovableObjectFactory for type 'RibbonTrail' registered.
18:45:38: MovableObjectFactory for type 'WireAabb' registered.
18:45:38: *-*-* OGRE Initialising
18:45:38: *-*-* Version 2.3.1 (Daedalus)
18:45:38: OverlayElementFactory for type Panel registered.
18:45:38: OverlayElementFactory for type BorderPanel registered.
18:45:38: OverlayElementFactory for type TextArea registered.
18:45:38: Registering ResourceManager for type Font
18:45:38: Loading library /usr/lib/x86_64-linux-gnu/OGRE-2.3/OGRE/RenderSystem_GL3Plus.so
18:45:38: Installing plugin: GL 3+ RenderSystem
18:45:38: OpenGL 3+ Rendering Subsystem created.
18:45:38: OGRE EXCEPTION(3:RenderingAPIException): Couldn`t open X display  in GLXGLSupport::getGLDisplay at ./RenderSystems/GL3Plus/src/windowing/GLX/OgreGLXGLSupport.cpp (line 808)
18:45:38: GLX raised an exception. Won't be available. Is X11 running?
18:45:38: OGRE EXCEPTION(3:RenderingAPIException): Couldn`t open X display  in GLXGLSupport::getGLDisplay at ./RenderSystems/GL3Plus/src/windowing/GLX/OgreGLXGLSupport.cpp (line 808)
18:45:38: Found Num EGL Devices: 3
18:45:38: EGL Device: EGL_EXT_device_drm EGL_EXT_device_drm_render_node #0 /dev/dri/card2
18:45:38: Trying to init device: EGL_EXT_device_drm EGL_EXT_device_drm_render_node #0 /dev/dri/card2...
18:45:38: Created GL 4.5 context for device EGL_EXT_device_drm EGL_EXT_device_drm_render_node #0 /dev/dri/card2
18:45:38: Destroying device: EGL_EXT_device_drm EGL_EXT_device_drm_render_node #0 /dev/dri/card2...
18:45:38: EGL Device: EGL_EXT_device_drm EGL_EXT_device_drm_render_node #1 /dev/dri/card1
18:45:38: Trying to init device: EGL_EXT_device_drm EGL_EXT_device_drm_render_node #1 /dev/dri/card1...
18:45:38: OGRE EXCEPTION(3:RenderingAPIException): eglInitialize failed for device EGL_EXT_device_drm EGL_EXT_device_drm_render_node #1 /dev/dri/card1 in EGLSupport::getGLDisplay at ./RenderSystems/GL3Plus/src/windowing/EGL/PBuffer/OgreEglPBufferSupport.cpp (line 320)
18:45:38: OGRE EXCEPTION(3:RenderingAPIException): eglInitialize failed for device EGL_EXT_device_drm EGL_EXT_device_drm_render_node #1 /dev/dri/card1 in EGLSupport::getGLDisplay at ./RenderSystems/GL3Plus/src/windowing/EGL/PBuffer/OgreEglPBufferSupport.cpp (line 320)
18:45:38: Destroying device: EGL_EXT_device_drm EGL_EXT_device_drm_render_node #1 /dev/dri/card1...
18:45:38: EGL Device: EGL_MESA_device_software EGL_EXT_device_drm_render_node #2
18:45:38: Trying to init device: EGL_MESA_device_software EGL_EXT_device_drm_render_node #2...
18:45:38: Created GL 4.5 context for device EGL_MESA_device_software EGL_EXT_device_drm_render_node #2
18:45:38: Destroying device: EGL_MESA_device_software EGL_EXT_device_drm_render_node #2...
18:45:38: Plugin successfully installed
18:45:38: Loading library /usr/lib/x86_64-linux-gnu/OGRE-2.3/OGRE/Plugin_ParticleFX.so
18:45:38: Installing plugin: ParticleFX
18:45:38: Particle Emitter Type 'Point' registered
18:45:38: Particle Emitter Type 'Box' registered
18:45:38: Particle Emitter Type 'Ellipsoid' registered
18:45:38: Particle Emitter Type 'Cylinder' registered
18:45:38: Particle Emitter Type 'Ring' registered
18:45:38: Particle Emitter Type 'HollowEllipsoid' registered
18:45:38: Particle Affector Type 'LinearForce' registered
18:45:38: Particle Affector Type 'ColourFader' registered
18:45:38: Particle Affector Type 'ColourFader2' registered
18:45:38: Particle Affector Type 'ColourImage' registered
18:45:38: Particle Affector Type 'ColourInterpolator' registered
18:45:38: Particle Affector Type 'Scaler' registered
18:45:38: Particle Affector Type 'Rotator' registered
18:45:38: Particle Affector Type 'DirectionRandomiser' registered
18:45:38: Particle Affector Type 'DeflectorPlane' registered
18:45:38: Plugin successfully installed
18:45:38: CPU Identifier & Features
18:45:38: -------------------------
18:45:38:  *   CPU ID: AuthenticAMD: AMD Ryzen 7 9800X3D 8-Core Processor
18:45:38:  *   Logical cores: 16
18:45:38:  *      SSE: yes
18:45:38:  *     SSE2: yes
18:45:38:  *     SSE3: yes
18:45:38:  *      MMX: yes
18:45:38:  *   MMXEXT: yes
18:45:38:  *    3DNOW: no
18:45:38:  * 3DNOWEXT: no
18:45:38:  *     CMOV: yes
18:45:38:  *      TSC: yes
18:45:38:  *      FPU: yes
18:45:38:  *      PRO: yes
18:45:38:  *       HT: no
18:45:38: -------------------------
18:45:38: ******************************
*** Starting EGL Subsystem ***
******************************
18:45:38: GL3PlusRenderSystem::_createRenderWindow "OgreWindow(0)_0", 1x1 windowed  miscParams: FSAA=0 border=none contentScalingFactor=1.000000 gamma=Yes parentWindowHandle=0 stereoMode=Frame Sequential 
18:45:38: Trying to init device: EGL_EXT_device_drm EGL_EXT_device_drm_render_node #0 /dev/dri/card2...
18:45:38: Created GL 4.5 context for device EGL_EXT_device_drm EGL_EXT_device_drm_render_node #0 /dev/dri/card2
18:45:38: GL Version = 4.6.0.0
18:45:38: GL_VERSION = 4.6 (Core Profile) Mesa 23.2.1-1ubuntu3.1~22.04.4
18:45:38: GL_VENDOR = AMD
18:45:38: GL_RENDERER = RAPHAEL_MENDOCINO (raphael_mendocino, LLVM 15.0.7, DRM 3.64, 6.17.0-35-generic)
18:45:38: GL_EXTENSIONS = 
18:45:38: GL_AMD_conservative_depth
18:45:38: GL_AMD_depth_clamp_separate
18:45:38: GL_AMD_draw_buffers_blend
18:45:38: GL_AMD_framebuffer_multisample_advanced
18:45:38: GL_AMD_gpu_shader_int64
18:45:38: GL_AMD_multi_draw_indirect
18:45:38: GL_AMD_performance_monitor
18:45:38: GL_AMD_pinned_memory
18:45:38: GL_AMD_query_buffer_object
18:45:38: GL_AMD_seamless_cubemap_per_texture
18:45:38: GL_AMD_shader_stencil_export
18:45:38: GL_AMD_shader_trinary_minmax
18:45:38: GL_AMD_texture_texture4
18:45:38: GL_AMD_vertex_shader_layer
18:45:38: GL_AMD_vertex_shader_viewport_index
18:45:38: GL_ANGLE_texture_compression_dxt3
18:45:38: GL_ANGLE_texture_compression_dxt5
18:45:38: GL_ARB_ES2_compatibility
18:45:38: GL_ARB_ES3_1_compatibility
18:45:38: GL_ARB_ES3_2_compatibility
18:45:38: GL_ARB_ES3_compatibility
18:45:38: GL_ARB_arrays_of_arrays
18:45:38: GL_ARB_base_instance
18:45:38: GL_ARB_bindless_texture
18:45:38: GL_ARB_blend_func_extended
18:45:38: GL_ARB_buffer_storage
18:45:38: GL_ARB_clear_buffer_object
18:45:38: GL_ARB_clear_texture
18:45:38: GL_ARB_clip_control
18:45:38: GL_ARB_color_buffer_float
18:45:38: GL_ARB_compressed_texture_pixel_storage
18:45:38: GL_ARB_compute_shader
18:45:38: GL_ARB_compute_variable_group_size
18:45:38: GL_ARB_conditional_render_inverted
18:45:38: GL_ARB_conservative_depth
18:45:38: GL_ARB_copy_buffer
18:45:38: GL_ARB_copy_image
18:45:38: GL_ARB_cull_distance
18:45:38: GL_ARB_debug_output
18:45:38: GL_ARB_depth_buffer_float
18:45:38: GL_ARB_depth_clamp
18:45:38: GL_ARB_derivative_control
18:45:38: GL_ARB_direct_state_access
18:45:38: GL_ARB_draw_buffers
18:45:38: GL_ARB_draw_buffers_blend
18:45:38: GL_ARB_draw_elements_base_vertex
18:45:38: GL_ARB_draw_indirect
18:45:38: GL_ARB_draw_instanced
18:45:38: GL_ARB_enhanced_layouts
18:45:38: GL_ARB_explicit_attrib_location
18:45:38: GL_ARB_explicit_uniform_location
18:45:38: GL_ARB_fragment_coord_conventions
18:45:38: GL_ARB_fragment_layer_viewport
18:45:38: GL_ARB_fragment_shader
18:45:38: GL_ARB_framebuffer_no_attachments
18:45:38: GL_ARB_framebuffer_object
18:45:38: GL_ARB_framebuffer_sRGB
18:45:38: GL_ARB_get_program_binary
18:45:38: GL_ARB_get_texture_sub_image
18:45:38: GL_ARB_gl_spirv
18:45:38: GL_ARB_gpu_shader5
18:45:38: GL_ARB_gpu_shader_fp64
18:45:38: GL_ARB_gpu_shader_int64
18:45:38: GL_ARB_half_float_pixel
18:45:38: GL_ARB_half_float_vertex
18:45:38: GL_ARB_indirect_parameters
18:45:38: GL_ARB_instanced_arrays
18:45:38: GL_ARB_internalformat_query
18:45:38: GL_ARB_internalformat_query2
18:45:38: GL_ARB_invalidate_subdata
18:45:38: GL_ARB_map_buffer_alignment
18:45:38: GL_ARB_map_buffer_range
18:45:38: GL_ARB_multi_bind
18:45:38: GL_ARB_multi_draw_indirect
18:45:38: GL_ARB_occlusion_query2
18:45:38: GL_ARB_parallel_shader_compile
18:45:38: GL_ARB_pipeline_statistics_query
18:45:38: GL_ARB_pixel_buffer_object
18:45:38: GL_ARB_point_sprite
18:45:38: GL_ARB_polygon_offset_clamp
18:45:38: GL_ARB_post_depth_coverage
18:45:38: GL_ARB_program_interface_query
18:45:38: GL_ARB_provoking_vertex
18:45:38: GL_ARB_query_buffer_object
18:45:38: GL_ARB_robust_buffer_access_behavior
18:45:38: GL_ARB_robustness
18:45:38: GL_ARB_sample_shading
18:45:38: GL_ARB_sampler_objects
18:45:38: GL_ARB_seamless_cube_map
18:45:38: GL_ARB_seamless_cubemap_per_texture
18:45:38: GL_ARB_separate_shader_objects
18:45:38: GL_ARB_shader_atomic_counter_ops
18:45:38: GL_ARB_shader_atomic_counters
18:45:38: GL_ARB_shader_ballot
18:45:38: GL_ARB_shader_bit_encoding
18:45:38: GL_ARB_shader_clock
18:45:38: GL_ARB_shader_draw_parameters
18:45:38: GL_ARB_shader_group_vote
18:45:38: GL_ARB_shader_image_load_store
18:45:38: GL_ARB_shader_image_size
18:45:38: GL_ARB_shader_objects
18:45:38: GL_ARB_shader_precision
18:45:38: GL_ARB_shader_stencil_export
18:45:38: GL_ARB_shader_storage_buffer_object
18:45:38: GL_ARB_shader_subroutine
18:45:38: GL_ARB_shader_texture_image_samples
18:45:38: GL_ARB_shader_texture_lod
18:45:38: GL_ARB_shader_viewport_layer_array
18:45:38: GL_ARB_shading_language_420pack
18:45:38: GL_ARB_shading_language_include
18:45:38: GL_ARB_shading_language_packing
18:45:38: GL_ARB_sparse_buffer
18:45:38: GL_ARB_sparse_texture
18:45:38: GL_ARB_sparse_texture2
18:45:38: GL_ARB_sparse_texture_clamp
18:45:38: GL_ARB_spirv_extensions
18:45:38: GL_ARB_stencil_texturing
18:45:38: GL_ARB_sync
18:45:38: GL_ARB_tessellation_shader
18:45:38: GL_ARB_texture_barrier
18:45:38: GL_ARB_texture_buffer_object
18:45:38: GL_ARB_texture_buffer_object_rgb32
18:45:38: GL_ARB_texture_buffer_range
18:45:38: GL_ARB_texture_compression_bptc
18:45:38: GL_ARB_texture_compression_rgtc
18:45:38: GL_ARB_texture_cube_map_array
18:45:38: GL_ARB_texture_filter_anisotropic
18:45:38: GL_ARB_texture_float
18:45:38: GL_ARB_texture_gather
18:45:38: GL_ARB_texture_mirror_clamp_to_edge
18:45:38: GL_ARB_texture_multisample
18:45:38: GL_ARB_texture_non_power_of_two
18:45:38: GL_ARB_texture_query_levels
18:45:38: GL_ARB_texture_query_lod
18:45:38: GL_ARB_texture_rectangle
18:45:38: GL_ARB_texture_rg
18:45:38: GL_ARB_texture_rgb10_a2ui
18:45:38: GL_ARB_texture_stencil8
18:45:38: GL_ARB_texture_storage
18:45:38: GL_ARB_texture_storage_multisample
18:45:38: GL_ARB_texture_swizzle
18:45:38: GL_ARB_texture_view
18:45:38: GL_ARB_timer_query
18:45:38: GL_ARB_transform_feedback2
18:45:38: GL_ARB_transform_feedback3
18:45:38: GL_ARB_transform_feedback_instanced
18:45:38: GL_ARB_transform_feedback_overflow_query
18:45:38: GL_ARB_uniform_buffer_object
18:45:38: GL_ARB_vertex_array_bgra
18:45:38: GL_ARB_vertex_array_object
18:45:38: GL_ARB_vertex_attrib_64bit
18:45:38: GL_ARB_vertex_attrib_binding
18:45:38: GL_ARB_vertex_buffer_object
18:45:38: GL_ARB_vertex_shader
18:45:38: GL_ARB_vertex_type_10f_11f_11f_rev
18:45:38: GL_ARB_vertex_type_2_10_10_10_rev
18:45:38: GL_ARB_viewport_array
18:45:38: GL_ATI_blend_equation_separate
18:45:38: GL_ATI_meminfo
18:45:38: GL_ATI_texture_float
18:45:38: GL_ATI_texture_mirror_once
18:45:38: GL_EXT_EGL_image_storage
18:45:38: GL_EXT_EGL_sync
18:45:38: GL_EXT_abgr
18:45:38: GL_EXT_blend_equation_separate
18:45:38: GL_EXT_debug_label
18:45:38: GL_EXT_demote_to_helper_invocation
18:45:38: GL_EXT_depth_bounds_test
18:45:38: GL_EXT_draw_buffers2
18:45:38: GL_EXT_draw_instanced
18:45:38: GL_EXT_framebuffer_blit
18:45:38: GL_EXT_framebuffer_multisample
18:45:38: GL_EXT_framebuffer_multisample_blit_scaled
18:45:38: GL_EXT_framebuffer_object
18:45:38: GL_EXT_framebuffer_sRGB
18:45:38: GL_EXT_memory_object
18:45:38: GL_EXT_memory_object_fd
18:45:38: GL_EXT_packed_depth_stencil
18:45:38: GL_EXT_packed_float
18:45:38: GL_EXT_pixel_buffer_object
18:45:38: GL_EXT_polygon_offset_clamp
18:45:38: GL_EXT_provoking_vertex
18:45:38: GL_EXT_semaphore
18:45:38: GL_EXT_semaphore_fd
18:45:38: GL_EXT_shader_image_load_formatted
18:45:38: GL_EXT_shader_image_load_store
18:45:38: GL_EXT_shader_integer_mix
18:45:38: GL_EXT_shader_samples_identical
18:45:38: GL_EXT_texture_array
18:45:38: GL_EXT_texture_compression_dxt1
18:45:38: GL_EXT_texture_compression_rgtc
18:45:38: GL_EXT_texture_compression_s3tc
18:45:38: GL_EXT_texture_filter_anisotropic
18:45:38: GL_EXT_texture_integer
18:45:38: GL_EXT_texture_mirror_clamp
18:45:38: GL_EXT_texture_sRGB
18:45:38: GL_EXT_texture_sRGB_R8
18:45:38: GL_EXT_texture_sRGB_RG8
18:45:38: GL_EXT_texture_sRGB_decode
18:45:38: GL_EXT_texture_shadow_lod
18:45:38: GL_EXT_texture_shared_exponent
18:45:38: GL_EXT_texture_snorm
18:45:38: GL_EXT_texture_swizzle
18:45:38: GL_EXT_timer_query
18:45:38: GL_EXT_transform_feedback
18:45:38: GL_EXT_vertex_array_bgra
18:45:38: GL_EXT_vertex_attrib_64bit
18:45:38: GL_EXT_window_rectangles
18:45:38: GL_IBM_multimode_draw_arrays
18:45:38: GL_INTEL_blackhole_render
18:45:38: GL_KHR_blend_equation_advanced
18:45:38: GL_KHR_context_flush_control
18:45:38: GL_KHR_debug
18:45:38: GL_KHR_no_error
18:45:38: GL_KHR_parallel_shader_compile
18:45:38: GL_KHR_robust_buffer_access_behavior
18:45:38: GL_KHR_robustness
18:45:38: GL_KHR_texture_compression_astc_ldr
18:45:38: GL_KHR_texture_compression_astc_sliced_3d
18:45:38: GL_MESA_framebuffer_flip_y
18:45:38: GL_MESA_pack_invert
18:45:38: GL_MESA_shader_integer_functions
18:45:38: GL_MESA_texture_signed_rgba
18:45:38: GL_NVX_gpu_memory_info
18:45:38: GL_NV_alpha_to_coverage_dither_control
18:45:38: GL_NV_compute_shader_derivatives
18:45:38: GL_NV_conditional_render
18:45:38: GL_NV_copy_image
18:45:38: GL_NV_depth_clamp
18:45:38: GL_NV_packed_depth_stencil
18:45:38: GL_NV_shader_atomic_int64
18:45:38: GL_NV_texture_barrier
18:45:38: GL_NV_vdpau_interop
18:45:38: GL_OES_EGL_image
18:45:38: GL_S3_s3tc
18:45:38: **************************************
18:45:38: ***   OpenGL 3+ Renderer Started   ***
18:45:38: **************************************
18:45:38: Registering ResourceManager for type GpuProgram
18:45:38: RenderSystem capabilities
18:45:38: -------------------------
18:45:38: RenderSystem Name: OpenGL 3+ Rendering Subsystem
18:45:38: GPU Vendor: amd
18:45:38: Device Name: RAPHAEL_MENDOCINO (raphael_mendocino, LLVM 15.0.7, DRM 3.64, 6.17.0-35-generic)
18:45:38: Driver Version: 4.6.0.0
18:45:38:  * Fixed function pipeline: no
18:45:38:  * Hardware generation of mipmaps: no
18:45:38:  * Texture blending: yes
18:45:38:  * Anisotropic texture filtering: yes
18:45:38:  * Dot product texture operation: yes
18:45:38:  * Cube mapping: yes
18:45:38:  * Hardware stencil buffer: yes
18:45:38:    - Stencil depth: 8
18:45:38:    - Two sided stencil support: yes
18:45:38:    - Wrap stencil values: yes
18:45:38:  * Hardware vertex / index buffers: yes
18:45:38:  * 32-bit index buffers: yes
18:45:38:  * Vertex programs: yes
18:45:38:  * Number of floating-point constants for vertex programs: 16384
18:45:38:  * Number of integer constants for vertex programs: 16384
18:45:38:  * Number of boolean constants for vertex programs: 16384
18:45:38:  * Fragment programs: yes
18:45:38:  * Number of floating-point constants for fragment programs: 16384
18:45:38:  * Number of integer constants for fragment programs: 16384
18:45:38:  * Number of boolean constants for fragment programs: 16384
18:45:38:  * Geometry programs: yes
18:45:38:  * Number of floating-point constants for geometry programs: 16384
18:45:38:  * Number of integer constants for geometry programs: 16384
18:45:38:  * Number of boolean constants for geometry programs: 16384
18:45:38:  * Tessellation Hull programs: yes
18:45:38:  * Number of floating-point constants for tessellation hull programs: 16384
18:45:38:  * Number of integer constants for tessellation hull programs: 16384
18:45:38:  * Number of boolean constants for tessellation hull programs: 16384
18:45:38:  * Tessellation Domain programs: yes
18:45:38:  * Number of floating-point constants for tessellation domain programs: 16384
18:45:38:  * Number of integer constants for tessellation domain programs: 16384
18:45:38:  * Number of boolean constants for tessellation domain programs: 16384
18:45:38:  * Compute programs: yes
18:45:38:  * Number of floating-point constants for compute programs: 16384
18:45:38:  * Number of integer constants for compute programs: 16384
18:45:38:  * Number of boolean constants for compute programs: 16384
18:45:38:  * Supported Shader Profiles: glsl glsl130 glsl140 glsl150 glsl330 glsl400 glsl410 glsl420 glsl430 glsl440
18:45:38:  * Texture Compression: yes
18:45:38:    - DXT: yes
18:45:38:    - VTC: no
18:45:38:    - PVRTC: no
18:45:38:    - ATC: no
18:45:38:    - ETC1: no
18:45:38:    - ETC2: yes
18:45:38:    - BC4/BC5: yes
18:45:38:    - BC6H/BC7: yes
18:45:38:    - ASTC: yes
18:45:38:  * Hardware Occlusion Query: yes
18:45:38:  * User clip planes: yes
18:45:38:  * VET_UBYTE4 vertex element type: yes
18:45:38:  * Infinite far plane projection: yes
18:45:38:  * Hardware render-to-texture: yes
18:45:38:  * Floating point textures: yes
18:45:38:  * Non-power-of-two textures: yes
18:45:38:  * 1d textures: yes
18:45:38:  * Volume textures: yes
18:45:38:  * Max Texture resolution (2D) 16384
18:45:38:  * Max Texture resolution (3D) 8192
18:45:38:  * Max Texture resolution (Cubemaps) 16384
18:45:38:  * Multiple Render Targets: 8
18:45:38:    - With different bit depths: yes
18:45:38:  * Point Sprites: yes
18:45:38:  * Extended point parameters: yes
18:45:38:  * Max Point Size: 2048
18:45:38:  * Vertex texture fetch: yes
18:45:38:  * Number of world matrices: 0
18:45:38:  * Number of texture units: 16
18:45:38:  * Stencil buffer depth: 8
18:45:38:  * Number of vertex blend matrices: 0
18:45:38:    - Max vertex textures: 32
18:45:38:    - Vertex textures shared: yes
18:45:38:  * Render to Vertex Buffer : yes
18:45:38:  * Hardware Atomic Counters: yes
18:45:38:  * Compute max threads per threadgroup per axis: 1024, 1024, 64
18:45:38:  * Compute max threads per threadgroup total: 1024
18:45:38:  * GL 1.5 without VBO workaround: no
18:45:38:  * Frame Buffer objects: yes
18:45:38:  * Frame Buffer objects (ARB extension): no
18:45:38:  * Frame Buffer objects (ATI extension): no
18:45:38:  * PBuffer support: no
18:45:38:  * GL 1.5 without HW-occlusion workaround: no
18:45:38:  * Vertex Array Objects: yes
18:45:38:  * Separate shader objects: no
18:45:38:  * Using Reverse Z: yes
18:45:38: DefaultWorkQueue('Root') initialising on thread main.
18:45:38: Particle Renderer Type 'billboard' registered
18:45:38: Added resource location '/usr/share/gz/gz-rendering8/ogre2/media/2.0/scripts/Compositors' of type 'FileSystem' to resource group 'General'
18:45:38: Added resource location '/usr/share/gz/gz-rendering8/ogre2/media/2.0/scripts/materials/Common' of type 'FileSystem' to resource group 'General'
18:45:38: Added resource location '/usr/share/gz/gz-rendering8/ogre2/media/2.0/scripts/materials/Common/GLSL' of type 'FileSystem' to resource group 'General'
18:45:38: Added resource location '/usr/share/gz/gz-rendering8/ogre2/media/2.0/scripts/materials/Terra' of type 'FileSystem' to resource group 'General'
18:45:38: Added resource location '/usr/share/gz/gz-rendering8/ogre2/media/2.0/scripts/materials/Terra/GLSL' of type 'FileSystem' to resource group 'General'
18:45:38: HLMS Library path '/usr/share/gz/gz-rendering8/ogre2/media/Hlms/Gz' has no piece files. Are you sure you provided the right path with read access?
18:45:38: HLMS Library path '/usr/share/gz/gz-rendering8/ogre2/media/Hlms/Gz' has no piece files. Are you sure you provided the right path with read access?
18:45:38: Added resource location '/usr/share/gz/gz-rendering8/ogre2/media' of type 'FileSystem' to resource group 'General'
18:45:38: Added resource location '/usr/share/gz/gz-rendering8/ogre2/media/materials/programs' of type 'FileSystem' to resource group 'General'
18:45:38: Added resource location '/usr/share/gz/gz-rendering8/ogre2/media/materials/programs/GLSL' of type 'FileSystem' to resource group 'General'
18:45:38: Added resource location '/usr/share/gz/gz-rendering8/ogre2/media/materials/programs/Metal' of type 'FileSystem' to resource group 'General'
18:45:38: Added resource location '/usr/share/gz/gz-rendering8/ogre2/media/materials/scripts' of type 'FileSystem' to resource group 'General'
18:45:38: Added resource location '/usr/share/gz/gz-rendering8/ogre2/media/materials/textures' of type 'FileSystem' to resource group 'General'
18:45:38: Added resource location '/usr/share/gz/gz-rendering8/ogre2/media/Compute/Tools' of type 'FileSystem' to resource group 'General'
18:45:38: Added resource location '/usr/share/gz/gz-rendering8/ogre2/media/Compute/Tools/Any' of type 'FileSystem' to resource group 'General'
18:45:38: Added resource location '/usr/share/gz/gz-rendering8/ogre2/media/Compute/Tools/GLSL' of type 'FileSystem' to resource group 'General'
18:45:38: Added resource location '/usr/share/gz/gz-rendering8/ogre2/media/Compute/Tools/HLSL' of type 'FileSystem' to resource group 'General'
18:45:38: Added resource location '/usr/share/gz/gz-rendering8/ogre2/media/Compute/Tools/Metal' of type 'FileSystem' to resource group 'General'
18:45:38: Added resource location '/usr/share/gz/gz-rendering8/ogre2/media/VCT' of type 'FileSystem' to resource group 'General'
18:45:38: Added resource location '/usr/share/gz/gz-rendering8/ogre2/media/VCT/ImageVoxelizer' of type 'FileSystem' to resource group 'General'
18:45:38: Added resource location '/usr/share/gz/gz-rendering8/ogre2/media/VCT/Visualizer' of type 'FileSystem' to resource group 'General'
18:45:38: Added resource location '/usr/share/gz/gz-rendering8/ogre2/media/Hlms/Common/Any' of type 'FileSystem' to resource group 'General'
18:45:38: Added resource location '/usr/share/gz/gz-rendering8/ogre2/media/Hlms/Common/GLSL' of type 'FileSystem' to resource group 'General'
18:45:38: Added resource location '/usr/share/gz/gz-rendering8/ogre2/media/Hlms/Pbs/Any' of type 'FileSystem' to resource group 'General'
18:45:38: Parsing scripts for resource group Autodetect
18:45:38: Finished parsing scripts for resource group Autodetect
18:45:38: Creating resources for group Autodetect
18:45:38: All done
18:45:38: Parsing scripts for resource group General
18:45:38: Parsing script Quad.program
18:45:38: Parsing script picker.program
18:45:38: Parsing script EsmGaussianBlurLogFilter.material
18:45:38: Parsing script DepthUtils.material
18:45:38: Parsing script Copyback.material
18:45:38: Parsing script DPSM.material
18:45:38: Parsing script GpuNormalMapper.material
18:45:38: Parsing script gaussian_noise.material
18:45:38: Parsing script lens_flare.material
18:45:38: Parsing script wide_angle_camera.material
18:45:38: Parsing script depth_camera.material
18:45:38: Parsing script gpu_rays.material
18:45:38: Parsing script selection_buffer.material
18:45:38: Parsing script point_cloud_point.material
18:45:38: Parsing script thermal.material
18:45:38: Parsing script picker.material
18:45:38: Parsing script skybox.material
18:45:38: Parsing script VoxelVisualizer.material
18:45:38: Parsing script TerraShadowGenerator.compositor
18:45:38: Parsing script GpuNormalMapper.compositor
18:45:38: Parsing script wide_angle_camera.compositor
18:45:38: Parsing script lens_flare.compositor
18:45:38: Parsing script GpuRays.compositor
18:45:38: Parsing script VctTexDownsample.compositor
18:45:38: Parsing script Mipmaps.material.json
18:45:38: Parsing script EsmGaussianBlurLogFilter.material.json
18:45:38: Parsing script TerraShadowGenerator.material.json
18:45:38: Parsing script ClearUav.material.json
18:45:38: Parsing script Voxelizer.material.json
18:45:38: Finished parsing scripts for resource group General
18:45:38: Creating resources for group General
18:45:38: All done
18:45:38: Parsing scripts for resource group Internal
18:45:38: Finished parsing scripts for resource group Internal
18:45:38: Creating resources for group Internal
18:45:38: All done
18:45:38: Added resource location '/usr/share/gz/gz-rendering8/media/materials/textures/' of type 'FileSystem' to resource group 'General'
18:45:38: Can't assign material scene::Material(65514) because this Material does not exist. Have you forgotten to define it in a .material script?
18:45:38: Can't assign material scene::Material(65508) because this Material does not exist. Have you forgotten to define it in a .material script?
18:45:38: Can't assign material scene::Material(65502) because this Material does not exist. Have you forgotten to define it in a .material script?
18:45:38: Can't assign material scene::Material(65502) because this Material does not exist. Have you forgotten to define it in a .material script?
18:45:38: Can't assign material scene::Material(65502) because this Material does not exist. Have you forgotten to define it in a .material script?
18:45:38: Texture memory budget exceeded. Stalling GPU.
18:45:38: Stalling was not enough. Freeing memory.
18:46:03: Unregistering ResourceManager for type Font
18:46:03: DefaultWorkQueue('Root') shutting down on thread main.
18:46:03: *-*-* OGRE Shutdown
18:46:03: Unregistering ResourceManager for type OldSkeleton
18:46:03: Unregistering ResourceManager for type Mesh2
18:46:03: Unregistering ResourceManager for type Mesh
18:46:03: Unregistering ResourceManager for type Material
18:46:03: Unregistering ResourceManager for type HighLevelGpuProgram
18:46:03: Uninstalling plugin: ParticleFX
18:46:03: Plugin successfully uninstalled
18:46:03: Unloading library /usr/lib/x86_64-linux-gnu/OGRE-2.3/OGRE/Plugin_ParticleFX.so
18:46:03: Uninstalling plugin: GL 3+ RenderSystem
18:46:03: WARNING: Deleting mapped buffer without having it unmapped. This is often sign of a resource leak or a bad pattern. Umapping the buffer for you...
18:46:03: WARNING: Deleting mapped buffer without having it unmapped. This is often sign of a resource leak or a bad pattern. Umapping the buffer for you...
18:46:03: WARNING: Deleting mapped buffer without having it unmapped. This is often sign of a resource leak or a bad pattern. Umapping the buffer for you...
18:46:03: WARNING: Deleting mapped buffer without having it unmapped. This is often sign of a resource leak or a bad pattern. Umapping the buffer for you...
18:46:03: Unregistering ResourceManager for type GpuProgram
18:46:03: ******************************
*** Stopping EGL Subsystem ***
******************************
18:46:03: Destroying device: EGL_EXT_device_drm EGL_EXT_device_drm_render_node #0 /dev/dri/card2...
18:46:03: Destroying device: EGL_EXT_device_drm EGL_EXT_device_drm_render_node #1 /dev/dri/card1...
18:46:03: Destroying device: EGL_MESA_device_software EGL_EXT_device_drm_render_node #2...
18:46:03: Plugin successfully uninstalled
18:46:03: Unloading library /usr/lib/x86_64-linux-gnu/OGRE-2.3/OGRE/RenderSystem_GL3Plus.so
