#0 building with "default" instance using docker driver

#1 [internal] load build definition from Dockerfile
#1 transferring dockerfile: 130B done
#1 DONE 0.0s

#2 resolve image config for docker-image://docker.io/docker/dockerfile:1
#2 DONE 4.0s

#3 docker-image://docker.io/docker/dockerfile:1@sha256:87999aa3d42bdc6bea60565083ee17e86d1f3339802f543c0d03998580f9cb89
#3 resolve docker.io/docker/dockerfile:1@sha256:87999aa3d42bdc6bea60565083ee17e86d1f3339802f543c0d03998580f9cb89 0.0s done
#3 sha256:50ba52cd6a2c01eaf1a9efbedc7c75b5da5e3965c1586001c722980487a73fd7 0B / 14.36MB 0.2s
#3 sha256:50ba52cd6a2c01eaf1a9efbedc7c75b5da5e3965c1586001c722980487a73fd7 1.05MB / 14.36MB 0.8s
#3 sha256:50ba52cd6a2c01eaf1a9efbedc7c75b5da5e3965c1586001c722980487a73fd7 2.10MB / 14.36MB 0.9s
#3 sha256:50ba52cd6a2c01eaf1a9efbedc7c75b5da5e3965c1586001c722980487a73fd7 3.15MB / 14.36MB 1.1s
#3 sha256:50ba52cd6a2c01eaf1a9efbedc7c75b5da5e3965c1586001c722980487a73fd7 4.19MB / 14.36MB 1.2s
#3 sha256:50ba52cd6a2c01eaf1a9efbedc7c75b5da5e3965c1586001c722980487a73fd7 5.24MB / 14.36MB 1.4s
#3 sha256:50ba52cd6a2c01eaf1a9efbedc7c75b5da5e3965c1586001c722980487a73fd7 6.29MB / 14.36MB 1.5s
#3 sha256:50ba52cd6a2c01eaf1a9efbedc7c75b5da5e3965c1586001c722980487a73fd7 7.34MB / 14.36MB 1.7s
#3 sha256:50ba52cd6a2c01eaf1a9efbedc7c75b5da5e3965c1586001c722980487a73fd7 8.39MB / 14.36MB 1.8s
#3 sha256:50ba52cd6a2c01eaf1a9efbedc7c75b5da5e3965c1586001c722980487a73fd7 10.49MB / 14.36MB 2.0s
#3 sha256:50ba52cd6a2c01eaf1a9efbedc7c75b5da5e3965c1586001c722980487a73fd7 11.53MB / 14.36MB 2.1s
#3 sha256:50ba52cd6a2c01eaf1a9efbedc7c75b5da5e3965c1586001c722980487a73fd7 12.58MB / 14.36MB 2.3s
#3 sha256:50ba52cd6a2c01eaf1a9efbedc7c75b5da5e3965c1586001c722980487a73fd7 14.36MB / 14.36MB 2.4s done
#3 extracting sha256:50ba52cd6a2c01eaf1a9efbedc7c75b5da5e3965c1586001c722980487a73fd7 0.1s done
#3 DONE 2.6s

#4 [internal] load metadata for docker.io/sgcf-local/ros2-bridge-base:sha256-c2288babf5595cdf3caafcd23fd68de2714863b5132ffb10b3cbd10006ca2862
#4 DONE 14.2s

#5 [internal] load .dockerignore
#5 transferring context: 2B done
#5 DONE 0.0s

#6 [1/2] FROM docker.io/sgcf-local/ros2-bridge-base:sha256-c2288babf5595cdf3caafcd23fd68de2714863b5132ffb10b3cbd10006ca2862@sha256:c2288babf5595cdf3caafcd23fd68de2714863b5132ffb10b3cbd10006ca2862
#6 resolve docker.io/sgcf-local/ros2-bridge-base:sha256-c2288babf5595cdf3caafcd23fd68de2714863b5132ffb10b3cbd10006ca2862@sha256:c2288babf5595cdf3caafcd23fd68de2714863b5132ffb10b3cbd10006ca2862 0.0s done
#6 DONE 0.1s

#7 [2/2] RUN test -f /etc/os-release
#7 DONE 0.1s

#8 exporting to image
#8 exporting layers 0.1s done
#8 exporting manifest sha256:ce02137a40b812d6a03e415a949781eb17988a0a8a5a81ce880edb44363c3357 0.0s done
#8 exporting config sha256:28f3ad6d089ed7b86005c7aaca5667d575d82deca08b7a449003d9827c676ece 0.0s done
#8 exporting attestation manifest sha256:8d97b555f0110a2294db633a836c981a23d59d48a344405dd8c8405e336a1e9f 0.0s done
#8 exporting manifest list sha256:923f7a1c632ec1b464492c076561af69e5c63c4cd3b0153f051d7a2311cba2e0 0.0s done
#8 naming to docker.io/sgcf-local/base-probe:c2288babf5595cdf3caafcd23fd68de2714863b5132ffb10b3cbd10006ca2862
#8 naming to docker.io/sgcf-local/base-probe:c2288babf5595cdf3caafcd23fd68de2714863b5132ffb10b3cbd10006ca2862 done
#8 unpacking to docker.io/sgcf-local/base-probe:c2288babf5595cdf3caafcd23fd68de2714863b5132ffb10b3cbd10006ca2862 0.0s done
#8 DONE 0.3s

#9 resolving provenance for metadata file
#9 DONE 0.0s

 [33m1 warning found (use docker --debug to expand):
[0m - InvalidDefaultArgInFrom: Default value for ARG ${BASE_IMAGE} results in empty or invalid base image name (line 4)
