17:09:54: Creating resource group General
17:09:54: Creating resource group Internal
17:09:54: Creating resource group Autodetect
17:09:54: SceneManagerFactory for type 'DefaultSceneManager' registered.
17:09:54: Registering ResourceManager for type Material
17:09:54: Registering ResourceManager for type Mesh
17:09:54: Registering ResourceManager for type Mesh2
17:09:54: Registering ResourceManager for type OldSkeleton
17:09:54: MovableObjectFactory for type 'ParticleSystem' registered.
17:09:54: ArchiveFactory for archive type FileSystem registered.
17:09:54: ArchiveFactory for archive type Zip registered.
17:09:54: ArchiveFactory for archive type EmbeddedZip registered.
17:09:54: DDS codec registering
17:09:54: FreeImage version: 3.18.0
17:09:54: This program uses FreeImage, a free, open source image library supporting all common bitmap formats. See http://freeimage.sourceforge.net for details
17:09:54: Supported formats: bmp,ico,jpg,jif,jpeg,jpe,jng,koa,iff,lbm,mng,pbm,pbm,pcd,pcx,pgm,pgm,png,ppm,ppm,ras,tga,targa,tif,tiff,wap,wbmp,wbm,psd,psb,cut,xbm,xpm,gif,hdr,g3,sgi,rgb,rgba,bw,exr,j2k,j2c,jp2,pfm,pct,pict,pic,3fr,arw,bay,bmq,cap,cine,cr2,crw,cs1,dc2,dcr,drf,dsc,dng,erf,fff,ia,iiq,k25,kc2,kdc,mdc,mef,mos,mrw,nef,nrw,orf,pef,ptx,pxn,qtk,raf,raw,rdc,rw2,rwl,rwz,sr2,srf,srw,sti,x3f,webp,jxr,wdp,hdp
17:09:54: ETC codec registering
17:09:54: OITD codec registering
17:09:54: Registering ResourceManager for type HighLevelGpuProgram
17:09:54: MovableObjectFactory for type 'Decal' registered.
17:09:54: MovableObjectFactory for type 'InternalCubemapProbe' registered.
17:09:54: MovableObjectFactory for type 'Entity' registered.
17:09:54: MovableObjectFactory for type 'Item' registered.
17:09:54: MovableObjectFactory for type 'Light' registered.
17:09:54: MovableObjectFactory for type 'Rectangle2Dv2' registered.
17:09:54: MovableObjectFactory for type 'BillboardSet' registered.
17:09:54: MovableObjectFactory for type 'ManualObject2' registered.
17:09:54: MovableObjectFactory for type 'BillboardChain' registered.
17:09:54: MovableObjectFactory for type 'RibbonTrail' registered.
17:09:54: MovableObjectFactory for type 'WireAabb' registered.
17:09:54: *-*-* OGRE Initialising
17:09:54: *-*-* Version 2.3.1 (Daedalus)
17:09:54: OverlayElementFactory for type Panel registered.
17:09:54: OverlayElementFactory for type BorderPanel registered.
17:09:54: OverlayElementFactory for type TextArea registered.
17:09:54: Registering ResourceManager for type Font
17:09:54: Loading library /usr/lib/x86_64-linux-gnu/OGRE-2.3/OGRE/RenderSystem_GL3Plus.so.2.3.1
17:09:54: Installing plugin: GL 3+ RenderSystem
17:09:54: OpenGL 3+ Rendering Subsystem created.
17:09:54: OGRE EXCEPTION(3:RenderingAPIException): Couldn`t open X display  in GLXGLSupport::getGLDisplay at ./RenderSystems/GL3Plus/src/windowing/GLX/OgreGLXGLSupport.cpp (line 808)
17:09:54: GLX raised an exception. Won't be available. Is X11 running?
17:09:54: OGRE EXCEPTION(3:RenderingAPIException): Couldn`t open X display  in GLXGLSupport::getGLDisplay at ./RenderSystems/GL3Plus/src/windowing/GLX/OgreGLXGLSupport.cpp (line 808)
17:09:54: Found Num EGL Devices: 3
17:09:54: EGL Device: EGL_EXT_device_drm EGL_EXT_device_drm_render_node #0 /dev/dri/card2
17:09:54: Trying to init device: EGL_EXT_device_drm EGL_EXT_device_drm_render_node #0 /dev/dri/card2...
17:09:54: Created GL 4.5 context for device EGL_EXT_device_drm EGL_EXT_device_drm_render_node #0 /dev/dri/card2
17:09:54: Destroying device: EGL_EXT_device_drm EGL_EXT_device_drm_render_node #0 /dev/dri/card2...
17:09:54: EGL Device: EGL_EXT_device_drm EGL_EXT_device_drm_render_node #1 /dev/dri/card1
17:09:54: Trying to init device: EGL_EXT_device_drm EGL_EXT_device_drm_render_node #1 /dev/dri/card1...
17:09:54: OGRE EXCEPTION(3:RenderingAPIException): eglInitialize failed for device EGL_EXT_device_drm EGL_EXT_device_drm_render_node #1 /dev/dri/card1 in EGLSupport::getGLDisplay at ./RenderSystems/GL3Plus/src/windowing/EGL/PBuffer/OgreEglPBufferSupport.cpp (line 320)
17:09:54: OGRE EXCEPTION(3:RenderingAPIException): eglInitialize failed for device EGL_EXT_device_drm EGL_EXT_device_drm_render_node #1 /dev/dri/card1 in EGLSupport::getGLDisplay at ./RenderSystems/GL3Plus/src/windowing/EGL/PBuffer/OgreEglPBufferSupport.cpp (line 320)
17:09:54: Destroying device: EGL_EXT_device_drm EGL_EXT_device_drm_render_node #1 /dev/dri/card1...
17:09:54: EGL Device: EGL_MESA_device_software EGL_EXT_device_drm_render_node #2
17:09:54: Trying to init device: EGL_MESA_device_software EGL_EXT_device_drm_render_node #2...
17:09:54: Created GL 4.5 context for device EGL_MESA_device_software EGL_EXT_device_drm_render_node #2
17:09:54: Destroying device: EGL_MESA_device_software EGL_EXT_device_drm_render_node #2...
17:09:54: Plugin successfully installed
17:09:54: Loading library /usr/lib/x86_64-linux-gnu/OGRE-2.3/OGRE/Plugin_ParticleFX.so.2.3.1
17:09:54: Installing plugin: ParticleFX
17:09:54: Particle Emitter Type 'Point' registered
17:09:54: Particle Emitter Type 'Box' registered
17:09:54: Particle Emitter Type 'Ellipsoid' registered
17:09:54: Particle Emitter Type 'Cylinder' registered
17:09:54: Particle Emitter Type 'Ring' registered
17:09:54: Particle Emitter Type 'HollowEllipsoid' registered
17:09:54: Particle Affector Type 'LinearForce' registered
17:09:54: Particle Affector Type 'ColourFader' registered
17:09:54: Particle Affector Type 'ColourFader2' registered
17:09:54: Particle Affector Type 'ColourImage' registered
17:09:54: Particle Affector Type 'ColourInterpolator' registered
17:09:54: Particle Affector Type 'Scaler' registered
17:09:54: Particle Affector Type 'Rotator' registered
17:09:54: Particle Affector Type 'DirectionRandomiser' registered
17:09:54: Particle Affector Type 'DeflectorPlane' registered
17:09:54: Plugin successfully installed
17:09:54: CPU Identifier & Features
17:09:54: -------------------------
17:09:54:  *   CPU ID: AuthenticAMD: AMD Ryzen 7 9800X3D 8-Core Processor
17:09:54:  *   Logical cores: 16
17:09:54:  *      SSE: yes
17:09:54:  *     SSE2: yes
17:09:54:  *     SSE3: yes
17:09:54:  *      MMX: yes
17:09:54:  *   MMXEXT: yes
17:09:54:  *    3DNOW: no
17:09:54:  * 3DNOWEXT: no
17:09:54:  *     CMOV: yes
17:09:54:  *      TSC: yes
17:09:54:  *      FPU: yes
17:09:54:  *      PRO: yes
17:09:54:  *       HT: no
17:09:54: -------------------------
17:09:54: ******************************
*** Starting EGL Subsystem ***
******************************
17:09:54: GL3PlusRenderSystem::_createRenderWindow "OgreWindow(0)_0", 1x1 windowed  miscParams: FSAA=0 border=none contentScalingFactor=1.000000 gamma=Yes parentWindowHandle=0 stereoMode=Frame Sequential 
17:09:54: Trying to init device: EGL_EXT_device_drm EGL_EXT_device_drm_render_node #0 /dev/dri/card2...
17:09:54: Created GL 4.5 context for device EGL_EXT_device_drm EGL_EXT_device_drm_render_node #0 /dev/dri/card2
17:09:54: GL Version = 4.6.0.0
17:09:54: GL_VERSION = 4.6 (Core Profile) Mesa 23.2.1-1ubuntu3.1~22.04.4
17:09:54: GL_VENDOR = AMD
17:09:54: GL_RENDERER = RAPHAEL_MENDOCINO (raphael_mendocino, LLVM 15.0.7, DRM 3.64, 6.17.0-35-generic)
17:09:54: GL_EXTENSIONS = 
17:09:54: GL_AMD_conservative_depth
17:09:54: GL_AMD_depth_clamp_separate
17:09:54: GL_AMD_draw_buffers_blend
17:09:54: GL_AMD_framebuffer_multisample_advanced
17:09:54: GL_AMD_gpu_shader_int64
17:09:54: GL_AMD_multi_draw_indirect
17:09:54: GL_AMD_performance_monitor
17:09:54: GL_AMD_pinned_memory
17:09:54: GL_AMD_query_buffer_object
17:09:54: GL_AMD_seamless_cubemap_per_texture
17:09:54: GL_AMD_shader_stencil_export
17:09:54: GL_AMD_shader_trinary_minmax
17:09:54: GL_AMD_texture_texture4
17:09:54: GL_AMD_vertex_shader_layer
17:09:54: GL_AMD_vertex_shader_viewport_index
17:09:54: GL_ANGLE_texture_compression_dxt3
17:09:54: GL_ANGLE_texture_compression_dxt5
17:09:54: GL_ARB_ES2_compatibility
17:09:54: GL_ARB_ES3_1_compatibility
17:09:54: GL_ARB_ES3_2_compatibility
17:09:54: GL_ARB_ES3_compatibility
17:09:54: GL_ARB_arrays_of_arrays
17:09:54: GL_ARB_base_instance
17:09:54: GL_ARB_bindless_texture
17:09:54: GL_ARB_blend_func_extended
17:09:54: GL_ARB_buffer_storage
17:09:54: GL_ARB_clear_buffer_object
17:09:54: GL_ARB_clear_texture
17:09:54: GL_ARB_clip_control
17:09:54: GL_ARB_color_buffer_float
17:09:54: GL_ARB_compressed_texture_pixel_storage
17:09:54: GL_ARB_compute_shader
17:09:54: GL_ARB_compute_variable_group_size
17:09:54: GL_ARB_conditional_render_inverted
17:09:54: GL_ARB_conservative_depth
17:09:54: GL_ARB_copy_buffer
17:09:54: GL_ARB_copy_image
17:09:54: GL_ARB_cull_distance
17:09:54: GL_ARB_debug_output
17:09:54: GL_ARB_depth_buffer_float
17:09:54: GL_ARB_depth_clamp
17:09:54: GL_ARB_derivative_control
17:09:54: GL_ARB_direct_state_access
17:09:54: GL_ARB_draw_buffers
17:09:54: GL_ARB_draw_buffers_blend
17:09:54: GL_ARB_draw_elements_base_vertex
17:09:54: GL_ARB_draw_indirect
17:09:54: GL_ARB_draw_instanced
17:09:54: GL_ARB_enhanced_layouts
17:09:54: GL_ARB_explicit_attrib_location
17:09:54: GL_ARB_explicit_uniform_location
17:09:54: GL_ARB_fragment_coord_conventions
17:09:54: GL_ARB_fragment_layer_viewport
17:09:54: GL_ARB_fragment_shader
17:09:54: GL_ARB_framebuffer_no_attachments
17:09:54: GL_ARB_framebuffer_object
17:09:54: GL_ARB_framebuffer_sRGB
17:09:54: GL_ARB_get_program_binary
17:09:54: GL_ARB_get_texture_sub_image
17:09:54: GL_ARB_gl_spirv
17:09:54: GL_ARB_gpu_shader5
17:09:54: GL_ARB_gpu_shader_fp64
17:09:54: GL_ARB_gpu_shader_int64
17:09:54: GL_ARB_half_float_pixel
17:09:54: GL_ARB_half_float_vertex
17:09:54: GL_ARB_indirect_parameters
17:09:54: GL_ARB_instanced_arrays
17:09:54: GL_ARB_internalformat_query
17:09:54: GL_ARB_internalformat_query2
17:09:54: GL_ARB_invalidate_subdata
17:09:54: GL_ARB_map_buffer_alignment
17:09:54: GL_ARB_map_buffer_range
17:09:54: GL_ARB_multi_bind
17:09:54: GL_ARB_multi_draw_indirect
17:09:54: GL_ARB_occlusion_query2
17:09:54: GL_ARB_parallel_shader_compile
17:09:54: GL_ARB_pipeline_statistics_query
17:09:54: GL_ARB_pixel_buffer_object
17:09:54: GL_ARB_point_sprite
17:09:54: GL_ARB_polygon_offset_clamp
17:09:54: GL_ARB_post_depth_coverage
17:09:54: GL_ARB_program_interface_query
17:09:54: GL_ARB_provoking_vertex
17:09:54: GL_ARB_query_buffer_object
17:09:54: GL_ARB_robust_buffer_access_behavior
17:09:54: GL_ARB_robustness
17:09:54: GL_ARB_sample_shading
17:09:54: GL_ARB_sampler_objects
17:09:54: GL_ARB_seamless_cube_map
17:09:54: GL_ARB_seamless_cubemap_per_texture
17:09:54: GL_ARB_separate_shader_objects
17:09:54: GL_ARB_shader_atomic_counter_ops
17:09:54: GL_ARB_shader_atomic_counters
17:09:54: GL_ARB_shader_ballot
17:09:54: GL_ARB_shader_bit_encoding
17:09:54: GL_ARB_shader_clock
17:09:54: GL_ARB_shader_draw_parameters
17:09:54: GL_ARB_shader_group_vote
17:09:54: GL_ARB_shader_image_load_store
17:09:54: GL_ARB_shader_image_size
17:09:54: GL_ARB_shader_objects
17:09:54: GL_ARB_shader_precision
17:09:54: GL_ARB_shader_stencil_export
17:09:54: GL_ARB_shader_storage_buffer_object
17:09:54: GL_ARB_shader_subroutine
17:09:54: GL_ARB_shader_texture_image_samples
17:09:54: GL_ARB_shader_texture_lod
17:09:54: GL_ARB_shader_viewport_layer_array
17:09:54: GL_ARB_shading_language_420pack
17:09:54: GL_ARB_shading_language_include
17:09:54: GL_ARB_shading_language_packing
17:09:54: GL_ARB_sparse_buffer
17:09:54: GL_ARB_sparse_texture
17:09:54: GL_ARB_sparse_texture2
17:09:54: GL_ARB_sparse_texture_clamp
17:09:54: GL_ARB_spirv_extensions
17:09:54: GL_ARB_stencil_texturing
17:09:54: GL_ARB_sync
17:09:54: GL_ARB_tessellation_shader
17:09:54: GL_ARB_texture_barrier
17:09:54: GL_ARB_texture_buffer_object
17:09:54: GL_ARB_texture_buffer_object_rgb32
17:09:54: GL_ARB_texture_buffer_range
17:09:54: GL_ARB_texture_compression_bptc
17:09:54: GL_ARB_texture_compression_rgtc
17:09:54: GL_ARB_texture_cube_map_array
17:09:54: GL_ARB_texture_filter_anisotropic
17:09:54: GL_ARB_texture_float
17:09:54: GL_ARB_texture_gather
17:09:54: GL_ARB_texture_mirror_clamp_to_edge
17:09:54: GL_ARB_texture_multisample
17:09:54: GL_ARB_texture_non_power_of_two
17:09:54: GL_ARB_texture_query_levels
17:09:54: GL_ARB_texture_query_lod
17:09:54: GL_ARB_texture_rectangle
17:09:54: GL_ARB_texture_rg
17:09:54: GL_ARB_texture_rgb10_a2ui
17:09:54: GL_ARB_texture_stencil8
17:09:54: GL_ARB_texture_storage
17:09:54: GL_ARB_texture_storage_multisample
17:09:54: GL_ARB_texture_swizzle
17:09:54: GL_ARB_texture_view
17:09:54: GL_ARB_timer_query
17:09:54: GL_ARB_transform_feedback2
17:09:54: GL_ARB_transform_feedback3
17:09:54: GL_ARB_transform_feedback_instanced
17:09:54: GL_ARB_transform_feedback_overflow_query
17:09:54: GL_ARB_uniform_buffer_object
17:09:54: GL_ARB_vertex_array_bgra
17:09:54: GL_ARB_vertex_array_object
17:09:54: GL_ARB_vertex_attrib_64bit
17:09:54: GL_ARB_vertex_attrib_binding
17:09:54: GL_ARB_vertex_buffer_object
17:09:54: GL_ARB_vertex_shader
17:09:54: GL_ARB_vertex_type_10f_11f_11f_rev
17:09:54: GL_ARB_vertex_type_2_10_10_10_rev
17:09:54: GL_ARB_viewport_array
17:09:54: GL_ATI_blend_equation_separate
17:09:54: GL_ATI_meminfo
17:09:54: GL_ATI_texture_float
17:09:54: GL_ATI_texture_mirror_once
17:09:54: GL_EXT_EGL_image_storage
17:09:54: GL_EXT_EGL_sync
17:09:54: GL_EXT_abgr
17:09:54: GL_EXT_blend_equation_separate
17:09:54: GL_EXT_debug_label
17:09:54: GL_EXT_demote_to_helper_invocation
17:09:54: GL_EXT_depth_bounds_test
17:09:54: GL_EXT_draw_buffers2
17:09:54: GL_EXT_draw_instanced
17:09:54: GL_EXT_framebuffer_blit
17:09:54: GL_EXT_framebuffer_multisample
17:09:54: GL_EXT_framebuffer_multisample_blit_scaled
17:09:54: GL_EXT_framebuffer_object
17:09:54: GL_EXT_framebuffer_sRGB
17:09:54: GL_EXT_memory_object
17:09:54: GL_EXT_memory_object_fd
17:09:54: GL_EXT_packed_depth_stencil
17:09:54: GL_EXT_packed_float
17:09:54: GL_EXT_pixel_buffer_object
17:09:54: GL_EXT_polygon_offset_clamp
17:09:54: GL_EXT_provoking_vertex
17:09:54: GL_EXT_semaphore
17:09:54: GL_EXT_semaphore_fd
17:09:54: GL_EXT_shader_image_load_formatted
17:09:54: GL_EXT_shader_image_load_store
17:09:54: GL_EXT_shader_integer_mix
17:09:54: GL_EXT_shader_samples_identical
17:09:54: GL_EXT_texture_array
17:09:54: GL_EXT_texture_compression_dxt1
17:09:54: GL_EXT_texture_compression_rgtc
17:09:54: GL_EXT_texture_compression_s3tc
17:09:54: GL_EXT_texture_filter_anisotropic
17:09:54: GL_EXT_texture_integer
17:09:54: GL_EXT_texture_mirror_clamp
17:09:54: GL_EXT_texture_sRGB
17:09:54: GL_EXT_texture_sRGB_R8
17:09:54: GL_EXT_texture_sRGB_RG8
17:09:54: GL_EXT_texture_sRGB_decode
17:09:54: GL_EXT_texture_shadow_lod
17:09:54: GL_EXT_texture_shared_exponent
17:09:54: GL_EXT_texture_snorm
17:09:54: GL_EXT_texture_swizzle
17:09:54: GL_EXT_timer_query
17:09:54: GL_EXT_transform_feedback
17:09:54: GL_EXT_vertex_array_bgra
17:09:54: GL_EXT_vertex_attrib_64bit
17:09:54: GL_EXT_window_rectangles
17:09:54: GL_IBM_multimode_draw_arrays
17:09:54: GL_INTEL_blackhole_render
17:09:54: GL_KHR_blend_equation_advanced
17:09:54: GL_KHR_context_flush_control
17:09:54: GL_KHR_debug
17:09:54: GL_KHR_no_error
17:09:54: GL_KHR_parallel_shader_compile
17:09:54: GL_KHR_robust_buffer_access_behavior
17:09:54: GL_KHR_robustness
17:09:54: GL_KHR_texture_compression_astc_ldr
17:09:54: GL_KHR_texture_compression_astc_sliced_3d
17:09:54: GL_MESA_framebuffer_flip_y
17:09:54: GL_MESA_pack_invert
17:09:54: GL_MESA_shader_integer_functions
17:09:54: GL_MESA_texture_signed_rgba
17:09:54: GL_NVX_gpu_memory_info
17:09:54: GL_NV_alpha_to_coverage_dither_control
17:09:54: GL_NV_compute_shader_derivatives
17:09:54: GL_NV_conditional_render
17:09:54: GL_NV_copy_image
17:09:54: GL_NV_depth_clamp
17:09:54: GL_NV_packed_depth_stencil
17:09:54: GL_NV_shader_atomic_int64
17:09:54: GL_NV_texture_barrier
17:09:54: GL_NV_vdpau_interop
17:09:54: GL_OES_EGL_image
17:09:54: GL_S3_s3tc
17:09:54: **************************************
17:09:54: ***   OpenGL 3+ Renderer Started   ***
17:09:54: **************************************
17:09:54: Registering ResourceManager for type GpuProgram
17:09:54: RenderSystem capabilities
17:09:54: -------------------------
17:09:54: RenderSystem Name: OpenGL 3+ Rendering Subsystem
17:09:54: GPU Vendor: amd
17:09:54: Device Name: RAPHAEL_MENDOCINO (raphael_mendocino, LLVM 15.0.7, DRM 3.64, 6.17.0-35-generic)
17:09:54: Driver Version: 4.6.0.0
17:09:54:  * Fixed function pipeline: no
17:09:54:  * Hardware generation of mipmaps: no
17:09:54:  * Texture blending: yes
17:09:54:  * Anisotropic texture filtering: yes
17:09:54:  * Dot product texture operation: yes
17:09:54:  * Cube mapping: yes
17:09:54:  * Hardware stencil buffer: yes
17:09:54:    - Stencil depth: 8
17:09:54:    - Two sided stencil support: yes
17:09:54:    - Wrap stencil values: yes
17:09:54:  * Hardware vertex / index buffers: yes
17:09:54:  * 32-bit index buffers: yes
17:09:54:  * Vertex programs: yes
17:09:54:  * Number of floating-point constants for vertex programs: 16384
17:09:54:  * Number of integer constants for vertex programs: 16384
17:09:54:  * Number of boolean constants for vertex programs: 16384
17:09:54:  * Fragment programs: yes
17:09:54:  * Number of floating-point constants for fragment programs: 16384
17:09:54:  * Number of integer constants for fragment programs: 16384
17:09:54:  * Number of boolean constants for fragment programs: 16384
17:09:54:  * Geometry programs: yes
17:09:54:  * Number of floating-point constants for geometry programs: 16384
17:09:54:  * Number of integer constants for geometry programs: 16384
17:09:54:  * Number of boolean constants for geometry programs: 16384
17:09:54:  * Tessellation Hull programs: yes
17:09:54:  * Number of floating-point constants for tessellation hull programs: 16384
17:09:54:  * Number of integer constants for tessellation hull programs: 16384
17:09:54:  * Number of boolean constants for tessellation hull programs: 16384
17:09:54:  * Tessellation Domain programs: yes
17:09:54:  * Number of floating-point constants for tessellation domain programs: 16384
17:09:54:  * Number of integer constants for tessellation domain programs: 16384
17:09:54:  * Number of boolean constants for tessellation domain programs: 16384
17:09:54:  * Compute programs: yes
17:09:54:  * Number of floating-point constants for compute programs: 16384
17:09:54:  * Number of integer constants for compute programs: 16384
17:09:54:  * Number of boolean constants for compute programs: 16384
17:09:54:  * Supported Shader Profiles: glsl glsl130 glsl140 glsl150 glsl330 glsl400 glsl410 glsl420 glsl430 glsl440
17:09:54:  * Texture Compression: yes
17:09:54:    - DXT: yes
17:09:54:    - VTC: no
17:09:54:    - PVRTC: no
17:09:54:    - ATC: no
17:09:54:    - ETC1: no
17:09:54:    - ETC2: yes
17:09:54:    - BC4/BC5: yes
17:09:54:    - BC6H/BC7: yes
17:09:54:    - ASTC: yes
17:09:54:  * Hardware Occlusion Query: yes
17:09:54:  * User clip planes: yes
17:09:54:  * VET_UBYTE4 vertex element type: yes
17:09:54:  * Infinite far plane projection: yes
17:09:54:  * Hardware render-to-texture: yes
17:09:54:  * Floating point textures: yes
17:09:54:  * Non-power-of-two textures: yes
17:09:54:  * 1d textures: yes
17:09:54:  * Volume textures: yes
17:09:54:  * Max Texture resolution (2D) 16384
17:09:54:  * Max Texture resolution (3D) 8192
17:09:54:  * Max Texture resolution (Cubemaps) 16384
17:09:54:  * Multiple Render Targets: 8
17:09:54:    - With different bit depths: yes
17:09:54:  * Point Sprites: yes
17:09:54:  * Extended point parameters: yes
17:09:54:  * Max Point Size: 2048
17:09:54:  * Vertex texture fetch: yes
17:09:54:  * Number of world matrices: 0
17:09:54:  * Number of texture units: 16
17:09:54:  * Stencil buffer depth: 8
17:09:54:  * Number of vertex blend matrices: 0
17:09:54:    - Max vertex textures: 32
17:09:54:    - Vertex textures shared: yes
17:09:54:  * Render to Vertex Buffer : yes
17:09:54:  * Hardware Atomic Counters: yes
17:09:54:  * Compute max threads per threadgroup per axis: 1024, 1024, 64
17:09:54:  * Compute max threads per threadgroup total: 1024
17:09:54:  * GL 1.5 without VBO workaround: no
17:09:54:  * Frame Buffer objects: yes
17:09:54:  * Frame Buffer objects (ARB extension): no
17:09:54:  * Frame Buffer objects (ATI extension): no
17:09:54:  * PBuffer support: no
17:09:54:  * GL 1.5 without HW-occlusion workaround: no
17:09:54:  * Vertex Array Objects: yes
17:09:54:  * Separate shader objects: no
17:09:54:  * Using Reverse Z: yes
17:09:54: DefaultWorkQueue('Root') initialising on thread main.
17:09:54: Particle Renderer Type 'billboard' registered
17:09:54: Added resource location '/usr/share/gz/gz-rendering8/ogre2/src/media/2.0/scripts/Compositors' of type 'FileSystem' to resource group 'General'
17:09:54: Added resource location '/usr/share/gz/gz-rendering8/ogre2/src/media/2.0/scripts/materials/Common' of type 'FileSystem' to resource group 'General'
17:09:54: Added resource location '/usr/share/gz/gz-rendering8/ogre2/src/media/2.0/scripts/materials/Common/GLSL' of type 'FileSystem' to resource group 'General'
17:09:54: Added resource location '/usr/share/gz/gz-rendering8/ogre2/src/media/2.0/scripts/materials/Terra' of type 'FileSystem' to resource group 'General'
17:09:54: Added resource location '/usr/share/gz/gz-rendering8/ogre2/src/media/2.0/scripts/materials/Terra/GLSL' of type 'FileSystem' to resource group 'General'
17:09:54: OGRE EXCEPTION(6:FileNotFoundException): Data folder provided contains no valid template shader files. Did you provide the right folder location? Check you have the right read pemissions. Folder: /usr/share/gz/gz-rendering8/ogre2/src/media/Hlms/Unlit/GLSL in Hlms::Hlms at ./OgreMain/src/OgreHlms.cpp (line 456)
