#0 building with "default" instance using docker driver

#1 [internal] load build definition from Dockerfile
#1 DONE 0.0s

#1 [internal] load build definition from Dockerfile
#1 transferring dockerfile: 1.92kB done
#1 DONE 0.0s

#2 [internal] load metadata for docker.io/library/ubuntu:22.04
#2 DONE 2.0s

#3 [internal] load .dockerignore
#3 transferring context: 2B done
#3 DONE 0.0s

#4 [1/6] FROM docker.io/library/ubuntu:22.04@sha256:4f838adc7181d9039ac795a7d0aba05a9bd9ecd480d294483169c5def983b64d
#4 resolve docker.io/library/ubuntu:22.04@sha256:4f838adc7181d9039ac795a7d0aba05a9bd9ecd480d294483169c5def983b64d 0.0s done
#4 DONE 0.0s

#5 [2/6] RUN echo 'Acquire::Retries "5";' > /etc/apt/apt.conf.d/80-retries     && apt-get update     && apt-get install -y --no-install-recommends         ca-certificates         curl         gnupg         lsb-release         python3         python3-venv         jq         procps         libegl1         libgl1-mesa-dri         mesa-utils
#5 CACHED

#6 [3/6] RUN curl -fsSL https://packages.osrfoundation.org/gazebo.gpg         -o /usr/share/keyrings/pkgs-osrf-archive-keyring.gpg     && echo "deb [arch=$(dpkg --print-architecture) signed-by=/usr/share/keyrings/pkgs-osrf-archive-keyring.gpg] https://packages.osrfoundation.org/gazebo/ubuntu-stable $(lsb_release -cs) main"         > /etc/apt/sources.list.d/gazebo-stable.list
#6 CACHED

#7 [4/6] RUN apt-get update     && apt-get install -y --no-install-recommends         gz-tools2         gz-sim8-cli         gz-transport13-cli         libgz-sim8-plugins         libgz-rendering8-ogre2         sdformat14-sdf     && rm -rf /var/lib/apt/lists/*
#7 CACHED

#8 [5/6] RUN apt-get update     && apt-get install -y --no-install-recommends         libgz-physics7-dartsim     && ln -s libgz-physics7-dartsim-plugin.so.7         /usr/lib/x86_64-linux-gnu/gz-physics-7/engine-plugins/libgz-physics7-dartsim-plugin.so     && ln -s libgz-physics7-dartsim-plugin.so.7         /usr/lib/x86_64-linux-gnu/gz-physics-7/engine-plugins/libgz-physics-dartsim-plugin.so     && rm -rf /var/lib/apt/lists/*
#8 CACHED

#9 [6/6] WORKDIR /workspace
#9 CACHED

#10 exporting to image
#10 exporting layers done
#10 exporting manifest sha256:9a8bb534106b3ae569676619072cc6d2ca308ffada51b1a2ece6fc197442c742 0.0s done
#10 exporting config sha256:70f0f78822f3270792f7cfb80717d381eba227be55966942a1574f28ef219cd1 0.0s done
#10 exporting attestation manifest sha256:8248b4ddc8921c602532450fedc8e1d03d7e6716adf435f8609f559f3587b5f9
#10 exporting attestation manifest sha256:8248b4ddc8921c602532450fedc8e1d03d7e6716adf435f8609f559f3587b5f9 0.0s done
#10 exporting manifest list sha256:a631eadf79b59df7974655fcac9969f82c0308001408e152f00c5a944ad4d931 0.0s done
#10 naming to docker.io/library/sgcf-gazebo-harmonic:ogre2-fix done
#10 unpacking to docker.io/library/sgcf-gazebo-harmonic:ogre2-fix done
#10 DONE 0.1s
