06:25:14: Creating resource group General
06:25:14: Creating resource group Internal
06:25:14: Creating resource group Autodetect
06:25:14: SceneManagerFactory for type 'DefaultSceneManager' registered.
06:25:14: Registering ResourceManager for type Material
06:25:14: Registering ResourceManager for type Mesh
06:25:14: Registering ResourceManager for type Mesh2
06:25:14: Registering ResourceManager for type OldSkeleton
06:25:14: MovableObjectFactory for type 'ParticleSystem' registered.
06:25:14: ArchiveFactory for archive type FileSystem registered.
06:25:14: ArchiveFactory for archive type Zip registered.
06:25:14: ArchiveFactory for archive type EmbeddedZip registered.
06:25:14: DDS codec registering
06:25:14: FreeImage version: 3.18.0
06:25:14: This program uses FreeImage, a free, open source image library supporting all common bitmap formats. See http://freeimage.sourceforge.net for details
06:25:14: Supported formats: bmp,ico,jpg,jif,jpeg,jpe,jng,koa,iff,lbm,mng,pbm,pbm,pcd,pcx,pgm,pgm,png,ppm,ppm,ras,tga,targa,tif,tiff,wap,wbmp,wbm,psd,psb,cut,xbm,xpm,gif,hdr,g3,sgi,rgb,rgba,bw,exr,j2k,j2c,jp2,pfm,pct,pict,pic,3fr,arw,bay,bmq,cap,cine,cr2,crw,cs1,dc2,dcr,drf,dsc,dng,erf,fff,ia,iiq,k25,kc2,kdc,mdc,mef,mos,mrw,nef,nrw,orf,pef,ptx,pxn,qtk,raf,raw,rdc,rw2,rwl,rwz,sr2,srf,srw,sti,x3f,webp,jxr,wdp,hdp
06:25:14: ETC codec registering
06:25:14: OITD codec registering
06:25:14: Registering ResourceManager for type HighLevelGpuProgram
06:25:14: MovableObjectFactory for type 'Decal' registered.
06:25:14: MovableObjectFactory for type 'InternalCubemapProbe' registered.
06:25:14: MovableObjectFactory for type 'Entity' registered.
06:25:14: MovableObjectFactory for type 'Item' registered.
06:25:14: MovableObjectFactory for type 'Light' registered.
06:25:14: MovableObjectFactory for type 'Rectangle2Dv2' registered.
06:25:14: MovableObjectFactory for type 'BillboardSet' registered.
06:25:14: MovableObjectFactory for type 'ManualObject2' registered.
06:25:14: MovableObjectFactory for type 'BillboardChain' registered.
06:25:14: MovableObjectFactory for type 'RibbonTrail' registered.
06:25:14: MovableObjectFactory for type 'WireAabb' registered.
06:25:14: *-*-* OGRE Initialising
06:25:14: *-*-* Version 2.3.1 (Daedalus)
06:25:14: OverlayElementFactory for type Panel registered.
06:25:14: OverlayElementFactory for type BorderPanel registered.
06:25:14: OverlayElementFactory for type TextArea registered.
06:25:14: Registering ResourceManager for type Font
06:25:14: Loading library /usr/lib/x86_64-linux-gnu/OGRE-2.3/OGRE/RenderSystem_GL3Plus.so
06:25:14: Installing plugin: GL 3+ RenderSystem
06:25:14: OpenGL 3+ Rendering Subsystem created.
06:25:14: OGRE EXCEPTION(3:RenderingAPIException): Couldn`t open X display  in GLXGLSupport::getGLDisplay at ./RenderSystems/GL3Plus/src/windowing/GLX/OgreGLXGLSupport.cpp (line 808)
06:25:14: GLX raised an exception. Won't be available. Is X11 running?
06:25:14: OGRE EXCEPTION(3:RenderingAPIException): Couldn`t open X display  in GLXGLSupport::getGLDisplay at ./RenderSystems/GL3Plus/src/windowing/GLX/OgreGLXGLSupport.cpp (line 808)
06:25:14: Found Num EGL Devices: 3
06:25:14: EGL Device: EGL_EXT_device_drm EGL_EXT_device_drm_render_node #0 /dev/dri/card2
06:25:14: Trying to init device: EGL_EXT_device_drm EGL_EXT_device_drm_render_node #0 /dev/dri/card2...
06:25:14: Created GL 4.5 context for device EGL_EXT_device_drm EGL_EXT_device_drm_render_node #0 /dev/dri/card2
06:25:14: Destroying device: EGL_EXT_device_drm EGL_EXT_device_drm_render_node #0 /dev/dri/card2...
06:25:14: EGL Device: EGL_EXT_device_drm EGL_EXT_device_drm_render_node #1 /dev/dri/card1
06:25:14: Trying to init device: EGL_EXT_device_drm EGL_EXT_device_drm_render_node #1 /dev/dri/card1...
06:25:14: OGRE EXCEPTION(3:RenderingAPIException): eglInitialize failed for device EGL_EXT_device_drm EGL_EXT_device_drm_render_node #1 /dev/dri/card1 in EGLSupport::getGLDisplay at ./RenderSystems/GL3Plus/src/windowing/EGL/PBuffer/OgreEglPBufferSupport.cpp (line 320)
06:25:14: OGRE EXCEPTION(3:RenderingAPIException): eglInitialize failed for device EGL_EXT_device_drm EGL_EXT_device_drm_render_node #1 /dev/dri/card1 in EGLSupport::getGLDisplay at ./RenderSystems/GL3Plus/src/windowing/EGL/PBuffer/OgreEglPBufferSupport.cpp (line 320)
06:25:14: Destroying device: EGL_EXT_device_drm EGL_EXT_device_drm_render_node #1 /dev/dri/card1...
06:25:14: EGL Device: EGL_MESA_device_software EGL_EXT_device_drm_render_node #2
06:25:14: Trying to init device: EGL_MESA_device_software EGL_EXT_device_drm_render_node #2...
06:25:14: Created GL 4.5 context for device EGL_MESA_device_software EGL_EXT_device_drm_render_node #2
06:25:14: Destroying device: EGL_MESA_device_software EGL_EXT_device_drm_render_node #2...
06:25:14: Plugin successfully installed
06:25:14: Loading library /usr/lib/x86_64-linux-gnu/OGRE-2.3/OGRE/Plugin_ParticleFX.so
06:25:14: Installing plugin: ParticleFX
06:25:14: Particle Emitter Type 'Point' registered
06:25:14: Particle Emitter Type 'Box' registered
06:25:14: Particle Emitter Type 'Ellipsoid' registered
06:25:14: Particle Emitter Type 'Cylinder' registered
06:25:14: Particle Emitter Type 'Ring' registered
06:25:14: Particle Emitter Type 'HollowEllipsoid' registered
06:25:14: Particle Affector Type 'LinearForce' registered
06:25:14: Particle Affector Type 'ColourFader' registered
06:25:14: Particle Affector Type 'ColourFader2' registered
06:25:14: Particle Affector Type 'ColourImage' registered
06:25:14: Particle Affector Type 'ColourInterpolator' registered
06:25:14: Particle Affector Type 'Scaler' registered
06:25:14: Particle Affector Type 'Rotator' registered
06:25:14: Particle Affector Type 'DirectionRandomiser' registered
06:25:14: Particle Affector Type 'DeflectorPlane' registered
06:25:14: Plugin successfully installed
06:25:14: CPU Identifier & Features
06:25:14: -------------------------
06:25:14:  *   CPU ID: AuthenticAMD: AMD Ryzen 9 8945HX with Radeon Graphics
06:25:14:  *   Logical cores: 32
06:25:14:  *      SSE: yes
06:25:14:  *     SSE2: yes
06:25:14:  *     SSE3: yes
06:25:14:  *      MMX: yes
06:25:14:  *   MMXEXT: yes
06:25:14:  *    3DNOW: no
06:25:14:  * 3DNOWEXT: no
06:25:14:  *     CMOV: yes
06:25:14:  *      TSC: yes
06:25:14:  *      FPU: yes
06:25:14:  *      PRO: yes
06:25:14:  *       HT: no
06:25:14: -------------------------
06:25:14: ******************************
*** Starting EGL Subsystem ***
******************************
06:25:14: GL3PlusRenderSystem::_createRenderWindow "OgreWindow(0)_0", 1x1 windowed  miscParams: FSAA=0 border=none contentScalingFactor=1.000000 gamma=Yes parentWindowHandle=0 stereoMode=Frame Sequential 
06:25:14: Trying to init device: EGL_EXT_device_drm EGL_EXT_device_drm_render_node #0 /dev/dri/card2...
06:25:14: Created GL 4.5 context for device EGL_EXT_device_drm EGL_EXT_device_drm_render_node #0 /dev/dri/card2
06:25:14: GL Version = 4.6.0.0
06:25:14: GL_VERSION = 4.6 (Core Profile) Mesa 23.2.1-1ubuntu3.1~22.04.4
06:25:14: GL_VENDOR = AMD
06:25:14: GL_RENDERER = RAPHAEL_MENDOCINO (raphael_mendocino, LLVM 15.0.7, DRM 3.57, 6.8.0-124-generic)
06:25:14: GL_EXTENSIONS = 
06:25:14: GL_AMD_conservative_depth
06:25:14: GL_AMD_depth_clamp_separate
06:25:14: GL_AMD_draw_buffers_blend
06:25:14: GL_AMD_framebuffer_multisample_advanced
06:25:14: GL_AMD_gpu_shader_int64
06:25:14: GL_AMD_multi_draw_indirect
06:25:14: GL_AMD_performance_monitor
06:25:14: GL_AMD_pinned_memory
06:25:14: GL_AMD_query_buffer_object
06:25:14: GL_AMD_seamless_cubemap_per_texture
06:25:14: GL_AMD_shader_stencil_export
06:25:14: GL_AMD_shader_trinary_minmax
06:25:14: GL_AMD_texture_texture4
06:25:14: GL_AMD_vertex_shader_layer
06:25:14: GL_AMD_vertex_shader_viewport_index
06:25:14: GL_ANGLE_texture_compression_dxt3
06:25:14: GL_ANGLE_texture_compression_dxt5
06:25:14: GL_ARB_ES2_compatibility
06:25:14: GL_ARB_ES3_1_compatibility
06:25:14: GL_ARB_ES3_2_compatibility
06:25:14: GL_ARB_ES3_compatibility
06:25:14: GL_ARB_arrays_of_arrays
06:25:14: GL_ARB_base_instance
06:25:14: GL_ARB_bindless_texture
06:25:14: GL_ARB_blend_func_extended
06:25:14: GL_ARB_buffer_storage
06:25:14: GL_ARB_clear_buffer_object
06:25:14: GL_ARB_clear_texture
06:25:14: GL_ARB_clip_control
06:25:14: GL_ARB_color_buffer_float
06:25:14: GL_ARB_compressed_texture_pixel_storage
06:25:14: GL_ARB_compute_shader
06:25:14: GL_ARB_compute_variable_group_size
06:25:14: GL_ARB_conditional_render_inverted
06:25:14: GL_ARB_conservative_depth
06:25:14: GL_ARB_copy_buffer
06:25:14: GL_ARB_copy_image
06:25:14: GL_ARB_cull_distance
06:25:14: GL_ARB_debug_output
06:25:14: GL_ARB_depth_buffer_float
06:25:14: GL_ARB_depth_clamp
06:25:14: GL_ARB_derivative_control
06:25:14: GL_ARB_direct_state_access
06:25:14: GL_ARB_draw_buffers
06:25:14: GL_ARB_draw_buffers_blend
06:25:14: GL_ARB_draw_elements_base_vertex
06:25:14: GL_ARB_draw_indirect
06:25:14: GL_ARB_draw_instanced
06:25:14: GL_ARB_enhanced_layouts
06:25:14: GL_ARB_explicit_attrib_location
06:25:14: GL_ARB_explicit_uniform_location
06:25:14: GL_ARB_fragment_coord_conventions
06:25:14: GL_ARB_fragment_layer_viewport
06:25:14: GL_ARB_fragment_shader
06:25:14: GL_ARB_framebuffer_no_attachments
06:25:14: GL_ARB_framebuffer_object
06:25:14: GL_ARB_framebuffer_sRGB
06:25:14: GL_ARB_get_program_binary
06:25:14: GL_ARB_get_texture_sub_image
06:25:14: GL_ARB_gl_spirv
06:25:14: GL_ARB_gpu_shader5
06:25:14: GL_ARB_gpu_shader_fp64
06:25:14: GL_ARB_gpu_shader_int64
06:25:14: GL_ARB_half_float_pixel
06:25:14: GL_ARB_half_float_vertex
06:25:14: GL_ARB_indirect_parameters
06:25:14: GL_ARB_instanced_arrays
06:25:14: GL_ARB_internalformat_query
06:25:14: GL_ARB_internalformat_query2
06:25:14: GL_ARB_invalidate_subdata
06:25:14: GL_ARB_map_buffer_alignment
06:25:14: GL_ARB_map_buffer_range
06:25:14: GL_ARB_multi_bind
06:25:14: GL_ARB_multi_draw_indirect
06:25:14: GL_ARB_occlusion_query2
06:25:14: GL_ARB_parallel_shader_compile
06:25:14: GL_ARB_pipeline_statistics_query
06:25:14: GL_ARB_pixel_buffer_object
06:25:14: GL_ARB_point_sprite
06:25:14: GL_ARB_polygon_offset_clamp
06:25:14: GL_ARB_post_depth_coverage
06:25:14: GL_ARB_program_interface_query
06:25:14: GL_ARB_provoking_vertex
06:25:14: GL_ARB_query_buffer_object
06:25:14: GL_ARB_robust_buffer_access_behavior
06:25:14: GL_ARB_robustness
06:25:14: GL_ARB_sample_shading
06:25:14: GL_ARB_sampler_objects
06:25:14: GL_ARB_seamless_cube_map
06:25:14: GL_ARB_seamless_cubemap_per_texture
06:25:14: GL_ARB_separate_shader_objects
06:25:14: GL_ARB_shader_atomic_counter_ops
06:25:14: GL_ARB_shader_atomic_counters
06:25:14: GL_ARB_shader_ballot
06:25:14: GL_ARB_shader_bit_encoding
06:25:14: GL_ARB_shader_clock
06:25:14: GL_ARB_shader_draw_parameters
06:25:14: GL_ARB_shader_group_vote
06:25:14: GL_ARB_shader_image_load_store
06:25:14: GL_ARB_shader_image_size
06:25:14: GL_ARB_shader_objects
06:25:14: GL_ARB_shader_precision
06:25:14: GL_ARB_shader_stencil_export
06:25:14: GL_ARB_shader_storage_buffer_object
06:25:14: GL_ARB_shader_subroutine
06:25:14: GL_ARB_shader_texture_image_samples
06:25:14: GL_ARB_shader_texture_lod
06:25:14: GL_ARB_shader_viewport_layer_array
06:25:14: GL_ARB_shading_language_420pack
06:25:14: GL_ARB_shading_language_include
06:25:14: GL_ARB_shading_language_packing
06:25:14: GL_ARB_sparse_buffer
06:25:14: GL_ARB_sparse_texture
06:25:14: GL_ARB_sparse_texture2
06:25:14: GL_ARB_sparse_texture_clamp
06:25:14: GL_ARB_spirv_extensions
06:25:14: GL_ARB_stencil_texturing
06:25:14: GL_ARB_sync
06:25:14: GL_ARB_tessellation_shader
06:25:14: GL_ARB_texture_barrier
06:25:14: GL_ARB_texture_buffer_object
06:25:14: GL_ARB_texture_buffer_object_rgb32
06:25:14: GL_ARB_texture_buffer_range
06:25:14: GL_ARB_texture_compression_bptc
06:25:14: GL_ARB_texture_compression_rgtc
06:25:14: GL_ARB_texture_cube_map_array
06:25:14: GL_ARB_texture_filter_anisotropic
06:25:14: GL_ARB_texture_float
06:25:14: GL_ARB_texture_gather
06:25:14: GL_ARB_texture_mirror_clamp_to_edge
06:25:14: GL_ARB_texture_multisample
06:25:14: GL_ARB_texture_non_power_of_two
06:25:14: GL_ARB_texture_query_levels
06:25:14: GL_ARB_texture_query_lod
06:25:14: GL_ARB_texture_rectangle
06:25:14: GL_ARB_texture_rg
06:25:14: GL_ARB_texture_rgb10_a2ui
06:25:14: GL_ARB_texture_stencil8
06:25:14: GL_ARB_texture_storage
06:25:14: GL_ARB_texture_storage_multisample
06:25:14: GL_ARB_texture_swizzle
06:25:14: GL_ARB_texture_view
06:25:14: GL_ARB_timer_query
06:25:14: GL_ARB_transform_feedback2
06:25:14: GL_ARB_transform_feedback3
06:25:14: GL_ARB_transform_feedback_instanced
06:25:14: GL_ARB_transform_feedback_overflow_query
06:25:14: GL_ARB_uniform_buffer_object
06:25:14: GL_ARB_vertex_array_bgra
06:25:14: GL_ARB_vertex_array_object
06:25:14: GL_ARB_vertex_attrib_64bit
06:25:14: GL_ARB_vertex_attrib_binding
06:25:14: GL_ARB_vertex_buffer_object
06:25:14: GL_ARB_vertex_shader
06:25:14: GL_ARB_vertex_type_10f_11f_11f_rev
06:25:14: GL_ARB_vertex_type_2_10_10_10_rev
06:25:14: GL_ARB_viewport_array
06:25:14: GL_ATI_blend_equation_separate
06:25:14: GL_ATI_meminfo
06:25:14: GL_ATI_texture_float
06:25:14: GL_ATI_texture_mirror_once
06:25:14: GL_EXT_EGL_image_storage
06:25:14: GL_EXT_EGL_sync
06:25:14: GL_EXT_abgr
06:25:14: GL_EXT_blend_equation_separate
06:25:14: GL_EXT_debug_label
06:25:14: GL_EXT_demote_to_helper_invocation
06:25:14: GL_EXT_depth_bounds_test
06:25:14: GL_EXT_draw_buffers2
06:25:14: GL_EXT_draw_instanced
06:25:14: GL_EXT_framebuffer_blit
06:25:14: GL_EXT_framebuffer_multisample
06:25:14: GL_EXT_framebuffer_multisample_blit_scaled
06:25:14: GL_EXT_framebuffer_object
06:25:14: GL_EXT_framebuffer_sRGB
06:25:14: GL_EXT_memory_object
06:25:14: GL_EXT_memory_object_fd
06:25:14: GL_EXT_packed_depth_stencil
06:25:14: GL_EXT_packed_float
06:25:14: GL_EXT_pixel_buffer_object
06:25:14: GL_EXT_polygon_offset_clamp
06:25:14: GL_EXT_provoking_vertex
06:25:14: GL_EXT_semaphore
06:25:14: GL_EXT_semaphore_fd
06:25:14: GL_EXT_shader_image_load_formatted
06:25:14: GL_EXT_shader_image_load_store
06:25:14: GL_EXT_shader_integer_mix
06:25:14: GL_EXT_shader_samples_identical
06:25:14: GL_EXT_texture_array
06:25:14: GL_EXT_texture_compression_dxt1
06:25:14: GL_EXT_texture_compression_rgtc
06:25:14: GL_EXT_texture_compression_s3tc
06:25:14: GL_EXT_texture_filter_anisotropic
06:25:14: GL_EXT_texture_integer
06:25:14: GL_EXT_texture_mirror_clamp
06:25:14: GL_EXT_texture_sRGB
06:25:14: GL_EXT_texture_sRGB_R8
06:25:14: GL_EXT_texture_sRGB_RG8
06:25:14: GL_EXT_texture_sRGB_decode
06:25:14: GL_EXT_texture_shadow_lod
06:25:14: GL_EXT_texture_shared_exponent
06:25:14: GL_EXT_texture_snorm
06:25:14: GL_EXT_texture_swizzle
06:25:14: GL_EXT_timer_query
06:25:14: GL_EXT_transform_feedback
06:25:14: GL_EXT_vertex_array_bgra
06:25:14: GL_EXT_vertex_attrib_64bit
06:25:14: GL_EXT_window_rectangles
06:25:14: GL_IBM_multimode_draw_arrays
06:25:14: GL_INTEL_blackhole_render
06:25:14: GL_KHR_blend_equation_advanced
06:25:14: GL_KHR_context_flush_control
06:25:14: GL_KHR_debug
06:25:14: GL_KHR_no_error
06:25:14: GL_KHR_parallel_shader_compile
06:25:14: GL_KHR_robust_buffer_access_behavior
06:25:14: GL_KHR_robustness
06:25:14: GL_KHR_texture_compression_astc_ldr
06:25:14: GL_KHR_texture_compression_astc_sliced_3d
06:25:14: GL_MESA_framebuffer_flip_y
06:25:14: GL_MESA_pack_invert
06:25:14: GL_MESA_shader_integer_functions
06:25:14: GL_MESA_texture_signed_rgba
06:25:14: GL_NVX_gpu_memory_info
06:25:14: GL_NV_alpha_to_coverage_dither_control
06:25:14: GL_NV_compute_shader_derivatives
06:25:14: GL_NV_conditional_render
06:25:14: GL_NV_copy_image
06:25:14: GL_NV_depth_clamp
06:25:14: GL_NV_packed_depth_stencil
06:25:14: GL_NV_shader_atomic_int64
06:25:14: GL_NV_texture_barrier
06:25:14: GL_NV_vdpau_interop
06:25:14: GL_OES_EGL_image
06:25:14: GL_S3_s3tc
06:25:14: **************************************
06:25:14: ***   OpenGL 3+ Renderer Started   ***
06:25:14: **************************************
06:25:14: Registering ResourceManager for type GpuProgram
06:25:14: RenderSystem capabilities
06:25:14: -------------------------
06:25:14: RenderSystem Name: OpenGL 3+ Rendering Subsystem
06:25:14: GPU Vendor: amd
06:25:14: Device Name: RAPHAEL_MENDOCINO (raphael_mendocino, LLVM 15.0.7, DRM 3.57, 6.8.0-124-generic)
06:25:14: Driver Version: 4.6.0.0
06:25:14:  * Fixed function pipeline: no
06:25:14:  * Hardware generation of mipmaps: no
06:25:14:  * Texture blending: yes
06:25:14:  * Anisotropic texture filtering: yes
06:25:14:  * Dot product texture operation: yes
06:25:14:  * Cube mapping: yes
06:25:14:  * Hardware stencil buffer: yes
06:25:14:    - Stencil depth: 8
06:25:14:    - Two sided stencil support: yes
06:25:14:    - Wrap stencil values: yes
06:25:14:  * Hardware vertex / index buffers: yes
06:25:14:  * 32-bit index buffers: yes
06:25:14:  * Vertex programs: yes
06:25:14:  * Number of floating-point constants for vertex programs: 16384
06:25:14:  * Number of integer constants for vertex programs: 16384
06:25:14:  * Number of boolean constants for vertex programs: 16384
06:25:14:  * Fragment programs: yes
06:25:14:  * Number of floating-point constants for fragment programs: 16384
06:25:14:  * Number of integer constants for fragment programs: 16384
06:25:14:  * Number of boolean constants for fragment programs: 16384
06:25:14:  * Geometry programs: yes
06:25:14:  * Number of floating-point constants for geometry programs: 16384
06:25:14:  * Number of integer constants for geometry programs: 16384
06:25:14:  * Number of boolean constants for geometry programs: 16384
06:25:14:  * Tessellation Hull programs: yes
06:25:14:  * Number of floating-point constants for tessellation hull programs: 16384
06:25:14:  * Number of integer constants for tessellation hull programs: 16384
06:25:14:  * Number of boolean constants for tessellation hull programs: 16384
06:25:14:  * Tessellation Domain programs: yes
06:25:14:  * Number of floating-point constants for tessellation domain programs: 16384
06:25:14:  * Number of integer constants for tessellation domain programs: 16384
06:25:14:  * Number of boolean constants for tessellation domain programs: 16384
06:25:14:  * Compute programs: yes
06:25:14:  * Number of floating-point constants for compute programs: 16384
06:25:14:  * Number of integer constants for compute programs: 16384
06:25:14:  * Number of boolean constants for compute programs: 16384
06:25:14:  * Supported Shader Profiles: glsl glsl130 glsl140 glsl150 glsl330 glsl400 glsl410 glsl420 glsl430 glsl440
06:25:14:  * Texture Compression: yes
06:25:14:    - DXT: yes
06:25:14:    - VTC: no
06:25:14:    - PVRTC: no
06:25:14:    - ATC: no
06:25:14:    - ETC1: no
06:25:14:    - ETC2: yes
06:25:14:    - BC4/BC5: yes
06:25:14:    - BC6H/BC7: yes
06:25:14:    - ASTC: yes
06:25:14:  * Hardware Occlusion Query: yes
06:25:14:  * User clip planes: yes
06:25:14:  * VET_UBYTE4 vertex element type: yes
06:25:14:  * Infinite far plane projection: yes
06:25:14:  * Hardware render-to-texture: yes
06:25:14:  * Floating point textures: yes
06:25:14:  * Non-power-of-two textures: yes
06:25:14:  * 1d textures: yes
06:25:14:  * Volume textures: yes
06:25:14:  * Max Texture resolution (2D) 16384
06:25:14:  * Max Texture resolution (3D) 8192
06:25:14:  * Max Texture resolution (Cubemaps) 16384
06:25:14:  * Multiple Render Targets: 8
06:25:14:    - With different bit depths: yes
06:25:14:  * Point Sprites: yes
06:25:14:  * Extended point parameters: yes
06:25:14:  * Max Point Size: 2048
06:25:14:  * Vertex texture fetch: yes
06:25:14:  * Number of world matrices: 0
06:25:14:  * Number of texture units: 16
06:25:14:  * Stencil buffer depth: 8
06:25:14:  * Number of vertex blend matrices: 0
06:25:14:    - Max vertex textures: 32
06:25:14:    - Vertex textures shared: yes
06:25:14:  * Render to Vertex Buffer : yes
06:25:14:  * Hardware Atomic Counters: yes
06:25:14:  * Compute max threads per threadgroup per axis: 1024, 1024, 64
06:25:14:  * Compute max threads per threadgroup total: 1024
06:25:14:  * GL 1.5 without VBO workaround: no
06:25:14:  * Frame Buffer objects: yes
06:25:14:  * Frame Buffer objects (ARB extension): no
06:25:14:  * Frame Buffer objects (ATI extension): no
06:25:14:  * PBuffer support: no
06:25:14:  * GL 1.5 without HW-occlusion workaround: no
06:25:14:  * Vertex Array Objects: yes
06:25:14:  * Separate shader objects: no
06:25:14:  * Using Reverse Z: yes
06:25:14: DefaultWorkQueue('Root') initialising on thread main.
06:25:14: Particle Renderer Type 'billboard' registered
06:25:14: Added resource location '/usr/share/gz/gz-rendering8/ogre2/media/2.0/scripts/Compositors' of type 'FileSystem' to resource group 'General'
06:25:14: Added resource location '/usr/share/gz/gz-rendering8/ogre2/media/2.0/scripts/materials/Common' of type 'FileSystem' to resource group 'General'
06:25:14: Added resource location '/usr/share/gz/gz-rendering8/ogre2/media/2.0/scripts/materials/Common/GLSL' of type 'FileSystem' to resource group 'General'
06:25:14: Added resource location '/usr/share/gz/gz-rendering8/ogre2/media/2.0/scripts/materials/Terra' of type 'FileSystem' to resource group 'General'
06:25:14: Added resource location '/usr/share/gz/gz-rendering8/ogre2/media/2.0/scripts/materials/Terra/GLSL' of type 'FileSystem' to resource group 'General'
06:25:14: HLMS Library path '/usr/share/gz/gz-rendering8/ogre2/media/Hlms/Gz' has no piece files. Are you sure you provided the right path with read access?
06:25:14: HLMS Library path '/usr/share/gz/gz-rendering8/ogre2/media/Hlms/Gz' has no piece files. Are you sure you provided the right path with read access?
06:25:14: Added resource location '/usr/share/gz/gz-rendering8/ogre2/media' of type 'FileSystem' to resource group 'General'
06:25:14: Added resource location '/usr/share/gz/gz-rendering8/ogre2/media/materials/programs' of type 'FileSystem' to resource group 'General'
06:25:14: Added resource location '/usr/share/gz/gz-rendering8/ogre2/media/materials/programs/GLSL' of type 'FileSystem' to resource group 'General'
06:25:14: Added resource location '/usr/share/gz/gz-rendering8/ogre2/media/materials/programs/Metal' of type 'FileSystem' to resource group 'General'
06:25:14: Added resource location '/usr/share/gz/gz-rendering8/ogre2/media/materials/scripts' of type 'FileSystem' to resource group 'General'
06:25:14: Added resource location '/usr/share/gz/gz-rendering8/ogre2/media/materials/textures' of type 'FileSystem' to resource group 'General'
06:25:14: Added resource location '/usr/share/gz/gz-rendering8/ogre2/media/Compute/Tools' of type 'FileSystem' to resource group 'General'
06:25:14: Added resource location '/usr/share/gz/gz-rendering8/ogre2/media/Compute/Tools/Any' of type 'FileSystem' to resource group 'General'
06:25:14: Added resource location '/usr/share/gz/gz-rendering8/ogre2/media/Compute/Tools/GLSL' of type 'FileSystem' to resource group 'General'
06:25:14: Added resource location '/usr/share/gz/gz-rendering8/ogre2/media/Compute/Tools/HLSL' of type 'FileSystem' to resource group 'General'
06:25:14: Added resource location '/usr/share/gz/gz-rendering8/ogre2/media/Compute/Tools/Metal' of type 'FileSystem' to resource group 'General'
06:25:14: Added resource location '/usr/share/gz/gz-rendering8/ogre2/media/VCT' of type 'FileSystem' to resource group 'General'
06:25:14: Added resource location '/usr/share/gz/gz-rendering8/ogre2/media/VCT/ImageVoxelizer' of type 'FileSystem' to resource group 'General'
06:25:14: Added resource location '/usr/share/gz/gz-rendering8/ogre2/media/VCT/Visualizer' of type 'FileSystem' to resource group 'General'
06:25:14: Added resource location '/usr/share/gz/gz-rendering8/ogre2/media/Hlms/Common/Any' of type 'FileSystem' to resource group 'General'
06:25:14: Added resource location '/usr/share/gz/gz-rendering8/ogre2/media/Hlms/Common/GLSL' of type 'FileSystem' to resource group 'General'
06:25:14: Added resource location '/usr/share/gz/gz-rendering8/ogre2/media/Hlms/Pbs/Any' of type 'FileSystem' to resource group 'General'
06:25:14: Parsing scripts for resource group Autodetect
06:25:14: Finished parsing scripts for resource group Autodetect
06:25:14: Creating resources for group Autodetect
06:25:14: All done
06:25:14: Parsing scripts for resource group General
06:25:14: Parsing script Quad.program
06:25:14: Parsing script picker.program
06:25:14: Parsing script DepthUtils.material
06:25:14: Parsing script Copyback.material
06:25:14: Parsing script DPSM.material
06:25:14: Parsing script EsmGaussianBlurLogFilter.material
06:25:14: Parsing script GpuNormalMapper.material
06:25:14: Parsing script selection_buffer.material
06:25:14: Parsing script wide_angle_camera.material
06:25:14: Parsing script point_cloud_point.material
06:25:14: Parsing script thermal.material
06:25:14: Parsing script gaussian_noise.material
06:25:14: Parsing script lens_flare.material
06:25:14: Parsing script picker.material
06:25:14: Parsing script skybox.material
06:25:14: Parsing script gpu_rays.material
06:25:14: Parsing script depth_camera.material
06:25:14: Parsing script VoxelVisualizer.material
06:25:14: Parsing script GpuNormalMapper.compositor
06:25:14: Parsing script TerraShadowGenerator.compositor
06:25:14: Parsing script GpuRays.compositor
06:25:14: Parsing script wide_angle_camera.compositor
06:25:14: Parsing script lens_flare.compositor
06:25:14: Parsing script VctTexDownsample.compositor
06:25:14: Parsing script Mipmaps.material.json
06:25:14: Parsing script EsmGaussianBlurLogFilter.material.json
06:25:14: Parsing script TerraShadowGenerator.material.json
06:25:14: Parsing script ClearUav.material.json
06:25:14: Parsing script Voxelizer.material.json
06:25:14: Finished parsing scripts for resource group General
06:25:14: Creating resources for group General
06:25:14: All done
06:25:14: Parsing scripts for resource group Internal
06:25:14: Finished parsing scripts for resource group Internal
06:25:14: Creating resources for group Internal
06:25:14: All done
06:25:14: Added resource location '/usr/share/gz/gz-rendering8/media/materials/textures/' of type 'FileSystem' to resource group 'General'
06:25:14: Can't assign material scene::Material(65516) because this Material does not exist. Have you forgotten to define it in a .material script?
06:25:14: Can't assign material scene::Material(65510) because this Material does not exist. Have you forgotten to define it in a .material script?
06:25:14: Can't assign material scene::Material(65504) because this Material does not exist. Have you forgotten to define it in a .material script?
06:25:14: Can't assign material scene::Material(65504) because this Material does not exist. Have you forgotten to define it in a .material script?
06:25:14: Texture memory budget exceeded. Stalling GPU.
06:25:14: Stalling was not enough. Freeing memory.
06:25:19: Unregistering ResourceManager for type Font
06:25:19: DefaultWorkQueue('Root') shutting down on thread main.
06:25:19: *-*-* OGRE Shutdown
06:25:19: Unregistering ResourceManager for type OldSkeleton
06:25:19: Unregistering ResourceManager for type Mesh2
06:25:19: Unregistering ResourceManager for type Mesh
06:25:19: Unregistering ResourceManager for type Material
06:25:19: Unregistering ResourceManager for type HighLevelGpuProgram
06:25:19: Uninstalling plugin: ParticleFX
06:25:19: Plugin successfully uninstalled
06:25:19: Unloading library /usr/lib/x86_64-linux-gnu/OGRE-2.3/OGRE/Plugin_ParticleFX.so
06:25:19: Uninstalling plugin: GL 3+ RenderSystem
06:25:19: WARNING: Deleting mapped buffer without having it unmapped. This is often sign of a resource leak or a bad pattern. Umapping the buffer for you...
06:25:19: WARNING: Deleting mapped buffer without having it unmapped. This is often sign of a resource leak or a bad pattern. Umapping the buffer for you...
06:25:19: WARNING: Deleting mapped buffer without having it unmapped. This is often sign of a resource leak or a bad pattern. Umapping the buffer for you...
06:25:19: WARNING: Deleting mapped buffer without having it unmapped. This is often sign of a resource leak or a bad pattern. Umapping the buffer for you...
06:25:19: Unregistering ResourceManager for type GpuProgram
06:25:19: ******************************
*** Stopping EGL Subsystem ***
******************************
06:25:19: Destroying device: EGL_EXT_device_drm EGL_EXT_device_drm_render_node #0 /dev/dri/card2...
06:25:19: Destroying device: EGL_EXT_device_drm EGL_EXT_device_drm_render_node #1 /dev/dri/card1...
06:25:19: Destroying device: EGL_MESA_device_software EGL_EXT_device_drm_render_node #2...
06:25:19: Plugin successfully uninstalled
06:25:19: Unloading library /usr/lib/x86_64-linux-gnu/OGRE-2.3/OGRE/RenderSystem_GL3Plus.so
