Get:1 http://archive.ubuntu.com/ubuntu jammy InRelease [270 kB]
Get:2 http://security.ubuntu.com/ubuntu jammy-security InRelease [129 kB]
Get:3 http://packages.ros.org/ros2/ubuntu jammy InRelease [4682 B]
Get:4 https://packages.osrfoundation.org/gazebo/ubuntu-stable jammy InRelease [4276 B]
Get:5 http://packages.ros.org/ros2/ubuntu jammy/main Sources [1850 kB]
Get:6 https://packages.osrfoundation.org/gazebo/ubuntu-stable jammy/main amd64 Packages [133 kB]
Get:7 http://security.ubuntu.com/ubuntu jammy-security/multiverse amd64 Packages [77.8 kB]
Get:8 http://archive.ubuntu.com/ubuntu jammy-updates InRelease [128 kB]
Get:9 http://security.ubuntu.com/ubuntu jammy-security/universe amd64 Packages [1311 kB]
Get:10 http://archive.ubuntu.com/ubuntu jammy-backports InRelease [127 kB]
Get:11 http://archive.ubuntu.com/ubuntu jammy/multiverse amd64 Packages [266 kB]
Get:12 http://archive.ubuntu.com/ubuntu jammy/restricted amd64 Packages [164 kB]
Get:13 http://archive.ubuntu.com/ubuntu jammy/universe amd64 Packages [17.5 MB]
Get:14 http://security.ubuntu.com/ubuntu jammy-security/restricted amd64 Packages [7332 kB]
Get:15 http://archive.ubuntu.com/ubuntu jammy/main amd64 Packages [1792 kB]
Get:16 http://archive.ubuntu.com/ubuntu jammy-updates/main amd64 Packages [4425 kB]
Get:17 http://archive.ubuntu.com/ubuntu jammy-updates/multiverse amd64 Packages [86.4 kB]
Get:18 http://archive.ubuntu.com/ubuntu jammy-updates/restricted amd64 Packages [7619 kB]
Get:19 http://archive.ubuntu.com/ubuntu jammy-updates/universe amd64 Packages [1614 kB]
Get:20 http://archive.ubuntu.com/ubuntu jammy-backports/main amd64 Packages [82.8 kB]
Get:21 http://archive.ubuntu.com/ubuntu jammy-backports/universe amd64 Packages [35.6 kB]
Get:22 http://security.ubuntu.com/ubuntu jammy-security/main amd64 Packages [4089 kB]
Get:23 http://packages.ros.org/ros2/ubuntu jammy/main amd64 Packages [1822 kB]
Fetched 50.8 MB in 3min 11s (266 kB/s)
Reading package lists...
